;  LST file generated by mikroListExporter - v.2.0 
; Date/Time: 4/29/2012 9:54:32 PM
;----------------------------------------------

;Address Opcode 	ASM
0x0000	0xF004EF73  	GOTO        2278
0x0004	0x0000      	NOP
0x0006	0x0000      	NOP
0x0008	0xF000EF00  	GOTO        0
0x000C	0x0000      	NOP
0x000E	0x0000      	NOP
0x0010	0x0000      	NOP
0x0012	0x0000      	NOP
0x0014	0x0000      	NOP
0x0016	0x0000      	NOP
0x0018	0xD7F3      	BRA         0
__Lib_PS2_Clock_Disable:
;__Lib_PS2.c,377 :: 		
;__Lib_PS2.c,378 :: 		
0x001C	0x9295      	BCF         PS2_Clock_Direction, BitPos(PS2_Clock_Direction+0) 
;__Lib_PS2.c,379 :: 		
0x001E	0x9283      	BCF         PS2_Clock, BitPos(PS2_Clock+0) 
;__Lib_PS2.c,380 :: 		
L_end_Clock_Disable:
0x0020	0x0012      	RETURN      0
; end of __Lib_PS2_Clock_Disable
__Lib_PS2_Wait_Falling:
;__Lib_PS2.c,357 :: 		
;__Lib_PS2.c,358 :: 		
0x0022	0x6A37      	CLRF        __Lib_PS2_Wait_Falling_osample_L0 
0x0024	0x0EFF      	MOVLW       255
0x0026	0x6E38      	MOVWF       __Lib_PS2_Wait_Falling_i_L0 
;__Lib_PS2.c,359 :: 		
L___Lib_PS2_Wait_Falling8:
0x0028	0x5238      	MOVF        __Lib_PS2_Wait_Falling_i_L0, 1 
0x002A	0xE00F      	BZ          L___Lib_PS2_Wait_Falling9
;__Lib_PS2.c,360 :: 		
0x002C	0x0E00      	MOVLW       0
0x002E	0xB283      	BTFSC       PS2_Clock, BitPos(PS2_Clock+0) 
0x0030	0x0E01      	MOVLW       1
0x0032	0x6E01      	MOVWF       R1 
;__Lib_PS2.c,361 :: 		
0x0034	0x5237      	MOVF        __Lib_PS2_Wait_Falling_osample_L0, 1 
0x0036	0xE005      	BZ          L___Lib_PS2_Wait_Falling12
0x0038	0x5201      	MOVF        R1, 1 
0x003A	0xE103      	BNZ         L___Lib_PS2_Wait_Falling12
L___Lib_PS2_Wait_Falling78:
;__Lib_PS2.c,362 :: 		
0x003C	0x0E01      	MOVLW       1
0x003E	0x6E00      	MOVWF       R0 
0x0040	0xD005      	BRA         L_end_Wait_Falling
L___Lib_PS2_Wait_Falling12:
;__Lib_PS2.c,364 :: 		
0x0042	0xF037C001  	MOVFF       R1, __Lib_PS2_Wait_Falling_osample_L0
;__Lib_PS2.c,365 :: 		
0x0046	0x0638      	DECF        __Lib_PS2_Wait_Falling_i_L0, 1 
;__Lib_PS2.c,366 :: 		
0x0048	0xD7EF      	BRA         L___Lib_PS2_Wait_Falling8
L___Lib_PS2_Wait_Falling9:
;__Lib_PS2.c,367 :: 		
0x004A	0x6A00      	CLRF        R0 
;__Lib_PS2.c,368 :: 		
L_end_Wait_Falling:
0x004C	0x0012      	RETURN      0
; end of __Lib_PS2_Wait_Falling
__Lib_PS2_Clock_Wait_High:
;__Lib_PS2.c,326 :: 		
;__Lib_PS2.c,327 :: 		
0x004E	0x0E01      	MOVLW       1
0x0050	0x6E37      	MOVWF       __Lib_PS2_Clock_Wait_High_tlimit_L0 
;__Lib_PS2.c,329 :: 		
L___Lib_PS2_Clock_Wait_High0:
0x0052	0x0E80      	MOVLW       128
0x0054	0x5C37      	SUBWF       __Lib_PS2_Clock_Wait_High_tlimit_L0, 0 
0x0056	0xE206      	BC          L___Lib_PS2_Clock_Wait_High1
;__Lib_PS2.c,330 :: 		
0x0058	0xA283      	BTFSS       PS2_Clock, BitPos(PS2_Clock+0) 
0x005A	0xD002      	BRA         L___Lib_PS2_Clock_Wait_High2
;__Lib_PS2.c,331 :: 		
0x005C	0x8E37      	BSF         __Lib_PS2_Clock_Wait_High_tlimit_L0, 7 
0x005E	0xD001      	BRA         L___Lib_PS2_Clock_Wait_High3
L___Lib_PS2_Clock_Wait_High2:
;__Lib_PS2.c,333 :: 		
0x0060	0x2A37      	INCF        __Lib_PS2_Clock_Wait_High_tlimit_L0, 1 
L___Lib_PS2_Clock_Wait_High3:
;__Lib_PS2.c,334 :: 		
0x0062	0xD7F7      	BRA         L___Lib_PS2_Clock_Wait_High0
L___Lib_PS2_Clock_Wait_High1:
;__Lib_PS2.c,335 :: 		
0x0064	0x9E37      	BCF         __Lib_PS2_Clock_Wait_High_tlimit_L0, 7 
;__Lib_PS2.c,336 :: 		
0x0066	0xF000C037  	MOVFF       __Lib_PS2_Clock_Wait_High_tlimit_L0, R0
;__Lib_PS2.c,337 :: 		
L_end_Clock_Wait_High:
0x006A	0x0012      	RETURN      0
; end of __Lib_PS2_Clock_Wait_High
__Lib_PS2_Clock_Enable:
;__Lib_PS2.c,371 :: 		
;__Lib_PS2.c,372 :: 		
0x006C	0x8295      	BSF         PS2_Clock_Direction, BitPos(PS2_Clock_Direction+0) 
;__Lib_PS2.c,373 :: 		
L_end_Clock_Enable:
0x006E	0x0012      	RETURN      0
; end of __Lib_PS2_Clock_Enable
_Mul_32x32_U:
;__Lib_Math.c,1616 :: 		
;__Lib_Math.c,1631 :: 		
0x0070	0x0E22      	MOVLW       34
;__Lib_Math.c,1632 :: 		
0x0072	0x6E0C      	MOVWF       R12, 0
;__Lib_Math.c,1633 :: 		
0x0074	0x6A08      	CLRF        R8, 0
;__Lib_Math.c,1634 :: 		
0x0076	0x6A09      	CLRF        R9, 0
;__Lib_Math.c,1635 :: 		
0x0078	0x6A0A      	CLRF        R10, 0
;__Lib_Math.c,1636 :: 		
0x007A	0x6A0B      	CLRF        R11, 0
;__Lib_Math.c,1638 :: 		
_NEXT:
;__Lib_Math.c,1642 :: 		
0x007C	0x060C      	DECF        R12, 1, 0
;__Lib_Math.c,1643 :: 		
0x007E	0xB4D8      	BTFSC       STATUS, 2, 0
;__Lib_Math.c,1644 :: 		
0x0080	0xD01F      	BRA         _EXIT2
;__Lib_Math.c,1645 :: 		
0x0082	0x90D8      	BCF         STATUS, 0, 0
;__Lib_Math.c,1647 :: 		
_LOOP:
;__Lib_Math.c,1656 :: 		
0x0084	0x320B      	RRCF        R11, 1, 0
;__Lib_Math.c,1657 :: 		
0x0086	0x320A      	RRCF        R10, 1, 0
;__Lib_Math.c,1658 :: 		
0x0088	0x3209      	RRCF        R9, 1, 0
;__Lib_Math.c,1659 :: 		
0x008A	0x3208      	RRCF        R8, 1, 0
;__Lib_Math.c,1660 :: 		
0x008C	0x3203      	RRCF        R3, 1, 0
;__Lib_Math.c,1661 :: 		
0x008E	0x3202      	RRCF        R2, 1, 0
;__Lib_Math.c,1662 :: 		
0x0090	0x3201      	RRCF        R1, 1, 0
;__Lib_Math.c,1663 :: 		
0x0092	0x3200      	RRCF        R0, 1, 0
;__Lib_Math.c,1668 :: 		
0x0094	0xA0D8      	BTFSS       STATUS, 0, 0
;__Lib_Math.c,1669 :: 		
0x0096	0xD7F2      	BRA         _NEXT
;__Lib_Math.c,1670 :: 		
0x0098	0x060C      	DECF        R12, 1, 0
;__Lib_Math.c,1671 :: 		
0x009A	0xB4D8      	BTFSC       STATUS, 2, 0
;__Lib_Math.c,1672 :: 		
0x009C	0xD009      	BRA         _EXIT1
;__Lib_Math.c,1679 :: 		
0x009E	0x5004      	MOVF        R4, 0, 0
;__Lib_Math.c,1680 :: 		
0x00A0	0x2608      	ADDWF       R8, 1, 0
;__Lib_Math.c,1681 :: 		
0x00A2	0x5005      	MOVF        R5, 0, 0
;__Lib_Math.c,1684 :: 		
0x00A4	0x2209      	ADDWFC      R9, 1, 0
;__Lib_Math.c,1685 :: 		
0x00A6	0x5006      	MOVF        R6, 0, 0
;__Lib_Math.c,1688 :: 		
0x00A8	0x220A      	ADDWFC      R10, 1, 0
;__Lib_Math.c,1689 :: 		
0x00AA	0x5007      	MOVF        R7, 0, 0
;__Lib_Math.c,1692 :: 		
0x00AC	0x220B      	ADDWFC      R11, 1, 0
;__Lib_Math.c,1694 :: 		
0x00AE	0xD7EA      	BRA         _LOOP
;__Lib_Math.c,1696 :: 		
_EXIT1:
;__Lib_Math.c,1701 :: 		
0x00B0	0x5004      	MOVF        R4, 0, 0
;__Lib_Math.c,1702 :: 		
0x00B2	0x2608      	ADDWF       R8, 1, 0
;__Lib_Math.c,1703 :: 		
0x00B4	0x5005      	MOVF        R5, 0, 0
;__Lib_Math.c,1706 :: 		
0x00B6	0x2209      	ADDWFC      R9, 1, 0
;__Lib_Math.c,1707 :: 		
0x00B8	0x5006      	MOVF        R6, 0, 0
;__Lib_Math.c,1710 :: 		
0x00BA	0x220A      	ADDWFC      R10, 1, 0
;__Lib_Math.c,1711 :: 		
0x00BC	0x5007      	MOVF        R7, 0, 0
;__Lib_Math.c,1714 :: 		
0x00BE	0x220B      	ADDWFC      R11, 1, 0
;__Lib_Math.c,1717 :: 		
_EXIT2:
;__Lib_Math.c,1719 :: 		
L_end_Mul_32x32_U:
0x00C0	0x0012      	RETURN      0
; end of _Mul_32x32_U
__Lib_PS2_Keyboard_Active:
;__Lib_PS2.c,386 :: 		
;__Lib_PS2.c,388 :: 		
0x00C2	0x6A32      	CLRF        __Lib_PS2_Keyboard_Active_rslt_L0 
;__Lib_PS2.c,390 :: 		
0x00C4	0xDFD3      	RCALL       __Lib_PS2_Clock_Enable
;__Lib_PS2.c,391 :: 		
0x00C6	0xDFC3      	RCALL       __Lib_PS2_Clock_Wait_High
0x00C8	0x5200      	MOVF        R0, 1 
0x00CA	0xE103      	BNZ         L___Lib_PS2_Keyboard_Active14
;__Lib_PS2.c,392 :: 		
0x00CC	0xF000C032  	MOVFF       __Lib_PS2_Keyboard_Active_rslt_L0, R0
0x00D0	0xD014      	BRA         L_end_Keyboard_Active
L___Lib_PS2_Keyboard_Active14:
;__Lib_PS2.c,394 :: 		
0x00D2	0x6A31      	CLRF        __Lib_PS2_Keyboard_Active_loop_L0 
;__Lib_PS2.c,395 :: 		
L___Lib_PS2_Keyboard_Active15:
0x00D4	0x0E80      	MOVLW       128
0x00D6	0x5C31      	SUBWF       __Lib_PS2_Keyboard_Active_loop_L0, 0 
0x00D8	0xE20B      	BC          L___Lib_PS2_Keyboard_Active16
;__Lib_PS2.c,397 :: 		
0x00DA	0xB083      	BTFSC       PS2_Data, BitPos(PS2_Data+0) 
0x00DC	0xD004      	BRA         L___Lib_PS2_Keyboard_Active19
0x00DE	0xB283      	BTFSC       PS2_Clock, BitPos(PS2_Clock+0) 
0x00E0	0xD002      	BRA         L___Lib_PS2_Keyboard_Active19
L___Lib_PS2_Keyboard_Active79:
;__Lib_PS2.c,398 :: 		
0x00E2	0x0E01      	MOVLW       1
0x00E4	0x6E32      	MOVWF       __Lib_PS2_Keyboard_Active_rslt_L0 
L___Lib_PS2_Keyboard_Active19:
;__Lib_PS2.c,399 :: 		
0x00E6	0x5232      	MOVF        __Lib_PS2_Keyboard_Active_rslt_L0, 1 
0x00E8	0xE001      	BZ          L___Lib_PS2_Keyboard_Active20
;__Lib_PS2.c,400 :: 		
0x00EA	0xD002      	BRA         L___Lib_PS2_Keyboard_Active16
L___Lib_PS2_Keyboard_Active20:
;__Lib_PS2.c,401 :: 		
0x00EC	0x2A31      	INCF        __Lib_PS2_Keyboard_Active_loop_L0, 1 
;__Lib_PS2.c,402 :: 		
0x00EE	0xD7F2      	BRA         L___Lib_PS2_Keyboard_Active15
L___Lib_PS2_Keyboard_Active16:
;__Lib_PS2.c,404 :: 		
0x00F0	0x5232      	MOVF        __Lib_PS2_Keyboard_Active_rslt_L0, 1 
0x00F2	0xE101      	BNZ         L___Lib_PS2_Keyboard_Active21
;__Lib_PS2.c,405 :: 		
0x00F4	0xDF93      	RCALL       __Lib_PS2_Clock_Disable
L___Lib_PS2_Keyboard_Active21:
;__Lib_PS2.c,406 :: 		
0x00F6	0xF000C032  	MOVFF       __Lib_PS2_Keyboard_Active_rslt_L0, R0
;__Lib_PS2.c,407 :: 		
L_end_Keyboard_Active:
0x00FA	0x0012      	RETURN      0
; end of __Lib_PS2_Keyboard_Active
_Get_Fosc_kHz:
;__Lib_Delays.c,1 :: 		unsigned long Get_Fosc_kHz(){
;__Lib_Delays.c,3 :: 		return Clock_kHz();
0x00FC	0x0E40      	MOVLW       64
0x00FE	0x6E00      	MOVWF       R0 
0x0100	0x0E1F      	MOVLW       31
0x0102	0x6E01      	MOVWF       R1 
0x0104	0x0E00      	MOVLW       0
0x0106	0x6E02      	MOVWF       R2 
0x0108	0x6E03      	MOVWF       R3 
;__Lib_Delays.c,5 :: 		}
L_end_Get_Fosc_kHz:
0x010A	0x0012      	RETURN      0
; end of _Get_Fosc_kHz
_Delay_Cyc:
;__Lib_Delays.c,105 :: 		void Delay_Cyc(char cycles_div_by_10)  { // Cycles_div_by_10: min 3, max 255
;__Lib_Delays.c,106 :: 		--cycles_div_by_10;
0x010C	0x0631      	DECF        FARG_Delay_Cyc_cycles_div_by_10, 1 
;__Lib_Delays.c,107 :: 		--cycles_div_by_10;
0x010E	0x0631      	DECF        FARG_Delay_Cyc_cycles_div_by_10, 1 
;__Lib_Delays.c,108 :: 		while (cycles_div_by_10-- > 0) {
L_Delay_Cyc21:
0x0110	0xF001C031  	MOVFF       FARG_Delay_Cyc_cycles_div_by_10, R1
0x0114	0x0631      	DECF        FARG_Delay_Cyc_cycles_div_by_10, 1 
0x0116	0x5001      	MOVF        R1, 0 
0x0118	0x0800      	SUBLW       0
0x011A	0xE203      	BC          L_Delay_Cyc22
;__Lib_Delays.c,110 :: 		NOP
0x011C	0x0000      	NOP
;__Lib_Delays.c,111 :: 		NOP
0x011E	0x0000      	NOP
;__Lib_Delays.c,113 :: 		}
0x0120	0xD7F7      	BRA         L_Delay_Cyc21
L_Delay_Cyc22:
;__Lib_Delays.c,115 :: 		NOP
0x0122	0x0000      	NOP
;__Lib_Delays.c,116 :: 		NOP
0x0124	0x0000      	NOP
;__Lib_Delays.c,117 :: 		NOP
0x0126	0x0000      	NOP
;__Lib_Delays.c,118 :: 		NOP
0x0128	0x0000      	NOP
;__Lib_Delays.c,119 :: 		NOP
0x012A	0x0000      	NOP
;__Lib_Delays.c,121 :: 		}
L_end_Delay_Cyc:
0x012C	0x0012      	RETURN      0
; end of _Delay_Cyc
_Div_16x16_U:
;__Lib_Math.c,102 :: 		
;__Lib_Math.c,109 :: 		
0x012E	0x6A08      	CLRF        R8, 0
;__Lib_Math.c,110 :: 		
0x0130	0x6A09      	CLRF        R9, 0
;__Lib_Math.c,111 :: 		
0x0132	0x0E10      	MOVLW       16
;__Lib_Math.c,112 :: 		
0x0134	0x6E0C      	MOVWF       R12, 0
;__Lib_Math.c,113 :: 		
0x0136	0x3401      	RLCF        R1, 0, 0
;__Lib_Math.c,114 :: 		
0x0138	0x3608      	RLCF        R8, 1, 0
;__Lib_Math.c,115 :: 		
0x013A	0x3609      	RLCF        R9, 1, 0
;__Lib_Math.c,116 :: 		
0x013C	0x5004      	MOVF        R4, 0, 0
;__Lib_Math.c,117 :: 		
0x013E	0x5E08      	SUBWF       R8, 1, 0
;__Lib_Math.c,118 :: 		
0x0140	0x5005      	MOVF        R5, 0, 0
;__Lib_Math.c,119 :: 		
0x0142	0xA0D8      	BTFSS       STATUS, 0, 0
;__Lib_Math.c,120 :: 		
0x0144	0x3C05      	INCFSZ      R5, 0, 0
;__Lib_Math.c,121 :: 		
0x0146	0x5E09      	SUBWF       R9, 1, 0
;__Lib_Math.c,122 :: 		
0x0148	0xB0D8      	BTFSC       STATUS, 0, 0
;__Lib_Math.c,123 :: 		
0x014A	0xD007      	BRA         $+16
;__Lib_Math.c,124 :: 		
0x014C	0x5004      	MOVF        R4, 0, 0
;__Lib_Math.c,125 :: 		
0x014E	0x2608      	ADDWF       R8, 1, 0
;__Lib_Math.c,126 :: 		
0x0150	0x5005      	MOVF        R5, 0, 0
;__Lib_Math.c,127 :: 		
0x0152	0xB0D8      	BTFSC       STATUS, 0, 0
;__Lib_Math.c,128 :: 		
0x0154	0x3C05      	INCFSZ      R5, 0, 0
;__Lib_Math.c,129 :: 		
0x0156	0x2609      	ADDWF       R9, 1, 0
;__Lib_Math.c,130 :: 		
0x0158	0x90D8      	BCF         STATUS, 0, 0
;__Lib_Math.c,131 :: 		
0x015A	0x3600      	RLCF        R0, 1, 0
;__Lib_Math.c,132 :: 		
0x015C	0x3601      	RLCF        R1, 1, 0
;__Lib_Math.c,133 :: 		
0x015E	0x2E0C      	DECFSZ      R12, 1, 0
;__Lib_Math.c,134 :: 		
0x0160	0xD7EA      	BRA         $-42
;__Lib_Math.c,136 :: 		
L_end_Div_16x16_U:
0x0162	0x0012      	RETURN      0
; end of _Div_16x16_U
__Lib_PS2_Ps2_Get_Value:
;__Lib_PS2.c,457 :: 		
;__Lib_PS2.c,458 :: 		
0x0164	0x6A32      	CLRF        __Lib_PS2_Ps2_Get_Value_rslt_L0 
;__Lib_PS2.c,461 :: 		
0x0166	0x5031      	MOVF        FARG___Lib_PS2_Ps2_Get_Value_raw, 0 
0x0168	0x0A00      	XORLW       0
0x016A	0xE103      	BNZ         L___Lib_PS2_Ps2_Get_Value31
;__Lib_PS2.c,462 :: 		
0x016C	0xF000C032  	MOVFF       __Lib_PS2_Ps2_Get_Value_rslt_L0, R0
0x0170	0xD059      	BRA         L_end_Ps2_Get_Value
L___Lib_PS2_Ps2_Get_Value31:
;__Lib_PS2.c,465 :: 		
0x0172	0xA224      	BTFSS       __Lib_PS2_led, 1 
0x0174	0xD021      	BRA         L___Lib_PS2_Ps2_Get_Value34
0x0176	0x5031      	MOVF        FARG___Lib_PS2_Ps2_Get_Value_raw, 0 
0x0178	0x0868      	SUBLW       104
0x017A	0xE21E      	BC          L___Lib_PS2_Ps2_Get_Value34
0x017C	0x0E7E      	MOVLW       126
0x017E	0x5C31      	SUBWF       FARG___Lib_PS2_Ps2_Get_Value_raw, 0 
0x0180	0xE21B      	BC          L___Lib_PS2_Ps2_Get_Value34
0x0182	0x5031      	MOVF        FARG___Lib_PS2_Ps2_Get_Value_raw, 0 
0x0184	0x0A77      	XORLW       119
0x0186	0xE018      	BZ          L___Lib_PS2_Ps2_Get_Value34
L___Lib_PS2_Ps2_Get_Value83:
;__Lib_PS2.c,466 :: 		
0x0188	0x0E69      	MOVLW       105
0x018A	0x5C31      	SUBWF       FARG___Lib_PS2_Ps2_Get_Value_raw, 0 
0x018C	0x6E00      	MOVWF       R0 
0x018E	0x6A01      	CLRF        R1 
0x0190	0x0E00      	MOVLW       0
0x0192	0x5A01      	SUBWFB      R1, 1 
0x0194	0x0EEE      	MOVLW       __Lib_PS2_table_num
0x0196	0x2400      	ADDWF       R0, 0 
0x0198	0x6EF6      	MOVWF       4086 
0x019A	0x0E0A      	MOVLW       hi_addr(__Lib_PS2_table_num)
0x019C	0x2001      	ADDWFC      R1, 0 
0x019E	0x6EF7      	MOVWF       TBLPTRH 
0x01A0	0x0E00      	MOVLW       higher_addr(__Lib_PS2_table_num)
0x01A2	0x6EF8      	MOVWF       TBLPTRU 
0x01A4	0x0E00      	MOVLW       0
0x01A6	0xBE01      	BTFSC       R1, 7 
0x01A8	0x0EFF      	MOVLW       255
0x01AA	0x22F8      	ADDWFC      TBLPTRU, 1 
0x01AC	0x0009      	TBLRD*+
0x01AE	0xF000CFF5  	MOVFF       TABLAT, R0
0x01B2	0xF032C000  	MOVFF       R0, __Lib_PS2_Ps2_Get_Value_rslt_L0
;__Lib_PS2.c,467 :: 		
0x01B6	0xD036      	BRA         L_end_Ps2_Get_Value
;__Lib_PS2.c,468 :: 		
L___Lib_PS2_Ps2_Get_Value34:
;__Lib_PS2.c,471 :: 		
0x01B8	0x0631      	DECF        FARG___Lib_PS2_Ps2_Get_Value_raw, 1 
;__Lib_PS2.c,472 :: 		
0x01BA	0xAA24      	BTFSS       __Lib_PS2_led, 5 
0x01BC	0xD019      	BRA         L___Lib_PS2_Ps2_Get_Value35
;__Lib_PS2.c,473 :: 		
0x01BE	0x0E6B      	MOVLW       __Lib_PS2_table_shift
0x01C0	0x2431      	ADDWF       FARG___Lib_PS2_Ps2_Get_Value_raw, 0 
0x01C2	0x6EF6      	MOVWF       4086 
0x01C4	0x0E0A      	MOVLW       hi_addr(__Lib_PS2_table_shift)
0x01C6	0x6EF7      	MOVWF       TBLPTRH 
0x01C8	0x0E00      	MOVLW       0
0x01CA	0x22F7      	ADDWFC      TBLPTRH, 1 
0x01CC	0x0E00      	MOVLW       higher_addr(__Lib_PS2_table_shift)
0x01CE	0x6EF8      	MOVWF       TBLPTRU 
0x01D0	0x0E00      	MOVLW       0
0x01D2	0x22F8      	ADDWFC      TBLPTRU, 1 
0x01D4	0x0009      	TBLRD*+
0x01D6	0xF032CFF5  	MOVFF       TABLAT, __Lib_PS2_Ps2_Get_Value_rslt_L0
;__Lib_PS2.c,474 :: 		
0x01DA	0xA424      	BTFSS       __Lib_PS2_led, 2 
0x01DC	0xD008      	BRA         L___Lib_PS2_Ps2_Get_Value38
0x01DE	0x5032      	MOVF        __Lib_PS2_Ps2_Get_Value_rslt_L0, 0 
0x01E0	0x0840      	SUBLW       64
0x01E2	0xE205      	BC          L___Lib_PS2_Ps2_Get_Value38
0x01E4	0x0E5B      	MOVLW       91
0x01E6	0x5C32      	SUBWF       __Lib_PS2_Ps2_Get_Value_rslt_L0, 0 
0x01E8	0xE202      	BC          L___Lib_PS2_Ps2_Get_Value38
L___Lib_PS2_Ps2_Get_Value82:
;__Lib_PS2.c,475 :: 		
0x01EA	0x0E20      	MOVLW       32
0x01EC	0x2632      	ADDWF       __Lib_PS2_Ps2_Get_Value_rslt_L0, 1 
L___Lib_PS2_Ps2_Get_Value38:
;__Lib_PS2.c,476 :: 		
0x01EE	0xD018      	BRA         L___Lib_PS2_Ps2_Get_Value39
L___Lib_PS2_Ps2_Get_Value35:
;__Lib_PS2.c,478 :: 		
0x01F0	0x0EE8      	MOVLW       __Lib_PS2_table_no_shift
0x01F2	0x2431      	ADDWF       FARG___Lib_PS2_Ps2_Get_Value_raw, 0 
0x01F4	0x6EF6      	MOVWF       4086 
0x01F6	0x0E09      	MOVLW       hi_addr(__Lib_PS2_table_no_shift)
0x01F8	0x6EF7      	MOVWF       TBLPTRH 
0x01FA	0x0E00      	MOVLW       0
0x01FC	0x22F7      	ADDWFC      TBLPTRH, 1 
0x01FE	0x0E00      	MOVLW       higher_addr(__Lib_PS2_table_no_shift)
0x0200	0x6EF8      	MOVWF       TBLPTRU 
0x0202	0x0E00      	MOVLW       0
0x0204	0x22F8      	ADDWFC      TBLPTRU, 1 
0x0206	0x0009      	TBLRD*+
0x0208	0xF032CFF5  	MOVFF       TABLAT, __Lib_PS2_Ps2_Get_Value_rslt_L0
;__Lib_PS2.c,479 :: 		
0x020C	0xA424      	BTFSS       __Lib_PS2_led, 2 
0x020E	0xD008      	BRA         L___Lib_PS2_Ps2_Get_Value42
0x0210	0x5032      	MOVF        __Lib_PS2_Ps2_Get_Value_rslt_L0, 0 
0x0212	0x0860      	SUBLW       96
0x0214	0xE205      	BC          L___Lib_PS2_Ps2_Get_Value42
0x0216	0x0E7B      	MOVLW       123
0x0218	0x5C32      	SUBWF       __Lib_PS2_Ps2_Get_Value_rslt_L0, 0 
0x021A	0xE202      	BC          L___Lib_PS2_Ps2_Get_Value42
L___Lib_PS2_Ps2_Get_Value81:
;__Lib_PS2.c,480 :: 		
0x021C	0x0E20      	MOVLW       32
0x021E	0x5E32      	SUBWF       __Lib_PS2_Ps2_Get_Value_rslt_L0, 1 
L___Lib_PS2_Ps2_Get_Value42:
;__Lib_PS2.c,481 :: 		
L___Lib_PS2_Ps2_Get_Value39:
;__Lib_PS2.c,482 :: 		
0x0220	0xF000C032  	MOVFF       __Lib_PS2_Ps2_Get_Value_rslt_L0, R0
;__Lib_PS2.c,483 :: 		
L_end_Ps2_Get_Value:
0x0224	0x0012      	RETURN      0
; end of __Lib_PS2_Ps2_Get_Value
__Lib_PS2_Get_Hex:
;__Lib_PS2.c,410 :: 		
;__Lib_PS2.c,411 :: 		
0x0226	0x6A33      	CLRF        __Lib_PS2_Get_Hex_ldata_L0 
0x0228	0x0E01      	MOVLW       1
0x022A	0x6E34      	MOVWF       __Lib_PS2_Get_Hex_lparity_L0 
0x022C	0x6A35      	CLRF        __Lib_PS2_Get_Hex_iparity_L0 
0x022E	0x6A36      	CLRF        __Lib_PS2_Get_Hex_endbit_L0 
;__Lib_PS2.c,416 :: 		
0x0230	0x0E01      	MOVLW       1
0x0232	0x6E23      	MOVWF       __Lib_PS2_loop 
;__Lib_PS2.c,417 :: 		
L___Lib_PS2_Get_Hex22:
0x0234	0x5223      	MOVF        __Lib_PS2_loop, 1 
0x0236	0xE00B      	BZ          L___Lib_PS2_Get_Hex23
;__Lib_PS2.c,418 :: 		
0x0238	0xDEF4      	RCALL       __Lib_PS2_Wait_Falling
0x023A	0x5200      	MOVF        R0, 1 
0x023C	0xE007      	BZ          L___Lib_PS2_Get_Hex24
;__Lib_PS2.c,419 :: 		
0x023E	0xA083      	BTFSS       PS2_Data, BitPos(PS2_Data+0) 
0x0240	0xD003      	BRA         L___Lib_PS2_Get_Hex25
;__Lib_PS2.c,420 :: 		
0x0242	0x5023      	MOVF        __Lib_PS2_loop, 0 
0x0244	0x1233      	IORWF       __Lib_PS2_Get_Hex_ldata_L0, 1 
;__Lib_PS2.c,421 :: 		
0x0246	0x7034      	BTG         __Lib_PS2_Get_Hex_lparity_L0, 0 
;__Lib_PS2.c,422 :: 		
L___Lib_PS2_Get_Hex25:
;__Lib_PS2.c,423 :: 		
0x0248	0x3623      	RLCF        __Lib_PS2_loop, 1 
0x024A	0x9023      	BCF         __Lib_PS2_loop, 0 
;__Lib_PS2.c,424 :: 		
L___Lib_PS2_Get_Hex24:
;__Lib_PS2.c,425 :: 		
0x024C	0xD7F3      	BRA         L___Lib_PS2_Get_Hex22
L___Lib_PS2_Get_Hex23:
;__Lib_PS2.c,427 :: 		
0x024E	0xDEE9      	RCALL       __Lib_PS2_Wait_Falling
0x0250	0x5200      	MOVF        R0, 1 
0x0252	0xE004      	BZ          L___Lib_PS2_Get_Hex26
;__Lib_PS2.c,428 :: 		
0x0254	0x0E00      	MOVLW       0
0x0256	0xB083      	BTFSC       PS2_Data, BitPos(PS2_Data+0) 
0x0258	0x0E01      	MOVLW       1
0x025A	0x6E35      	MOVWF       __Lib_PS2_Get_Hex_iparity_L0 
L___Lib_PS2_Get_Hex26:
;__Lib_PS2.c,429 :: 		
0x025C	0xDEE2      	RCALL       __Lib_PS2_Wait_Falling
0x025E	0x5200      	MOVF        R0, 1 
0x0260	0xE004      	BZ          L___Lib_PS2_Get_Hex27
;__Lib_PS2.c,430 :: 		
0x0262	0x0E00      	MOVLW       0
0x0264	0xB083      	BTFSC       PS2_Data, BitPos(PS2_Data+0) 
0x0266	0x0E01      	MOVLW       1
0x0268	0x6E36      	MOVWF       __Lib_PS2_Get_Hex_endbit_L0 
L___Lib_PS2_Get_Hex27:
;__Lib_PS2.c,432 :: 		
0x026A	0xDED8      	RCALL       __Lib_PS2_Clock_Disable
;__Lib_PS2.c,443 :: 		
0x026C	0x5034      	MOVF        __Lib_PS2_Get_Hex_lparity_L0, 0 
0x026E	0x1835      	XORWF       __Lib_PS2_Get_Hex_iparity_L0, 0 
0x0270	0xE104      	BNZ         L___Lib_PS2_Get_Hex80
0x0272	0x5036      	MOVF        __Lib_PS2_Get_Hex_endbit_L0, 0 
0x0274	0x0A00      	XORLW       0
0x0276	0xE001      	BZ          L___Lib_PS2_Get_Hex80
0x0278	0xD001      	BRA         L___Lib_PS2_Get_Hex30
L___Lib_PS2_Get_Hex80:
;__Lib_PS2.c,447 :: 		
0x027A	0x6A33      	CLRF        __Lib_PS2_Get_Hex_ldata_L0 
;__Lib_PS2.c,448 :: 		
L___Lib_PS2_Get_Hex30:
;__Lib_PS2.c,450 :: 		
0x027C	0xFFE1C031  	MOVFF       FARG___Lib_PS2_Get_Hex_ddata, FSR1L
0x0280	0xFFE2C032  	MOVFF       FARG___Lib_PS2_Get_Hex_ddata+1, FSR1H
0x0284	0xFFE6C033  	MOVFF       __Lib_PS2_Get_Hex_ldata_L0, POSTINC1
;__Lib_PS2.c,454 :: 		
L_end_Get_Hex:
0x0288	0x0012      	RETURN      0
; end of __Lib_PS2_Get_Hex
_Div_32x32_U:
;__Lib_Math.c,1162 :: 		
;__Lib_Math.c,1173 :: 		
0x028A	0x6A0B      	CLRF        R11, 0
;__Lib_Math.c,1174 :: 		
0x028C	0x6A0A      	CLRF        R10, 0
;__Lib_Math.c,1175 :: 		
0x028E	0x6A09      	CLRF        R9, 0
;__Lib_Math.c,1176 :: 		
0x0290	0x6A08      	CLRF        R8, 0
;__Lib_Math.c,1178 :: 		
0x0292	0x6A0E      	CLRF        R14, 0
;__Lib_Math.c,1180 :: 		
0x0294	0x3403      	RLCF        R3, 0, 0
;__Lib_Math.c,1181 :: 		
0x0296	0x3608      	RLCF        R8, 1, 0
;__Lib_Math.c,1182 :: 		
0x0298	0x5004      	MOVF        R4, 0, 0
;__Lib_Math.c,1183 :: 		
0x029A	0x5E08      	SUBWF       R8, 1, 0
;__Lib_Math.c,1184 :: 		
0x029C	0x5005      	MOVF        R5, 0, 0
;__Lib_Math.c,1185 :: 		
0x029E	0xA0D8      	BTFSS       STATUS, 0, 0
;__Lib_Math.c,1186 :: 		
0x02A0	0x3C05      	INCFSZ      R5, 0, 0
;__Lib_Math.c,1187 :: 		
0x02A2	0x5E09      	SUBWF       R9, 1, 0
;__Lib_Math.c,1188 :: 		
0x02A4	0x5006      	MOVF        R6, 0, 0
;__Lib_Math.c,1189 :: 		
0x02A6	0xA0D8      	BTFSS       STATUS, 0, 0
;__Lib_Math.c,1190 :: 		
0x02A8	0x3C06      	INCFSZ      R6, 0, 0
;__Lib_Math.c,1191 :: 		
0x02AA	0x5E0A      	SUBWF       R10, 1, 0
;__Lib_Math.c,1192 :: 		
0x02AC	0x5007      	MOVF        R7, 0, 0
;__Lib_Math.c,1193 :: 		
0x02AE	0xA0D8      	BTFSS       STATUS, 0, 0
;__Lib_Math.c,1194 :: 		
0x02B0	0x3C07      	INCFSZ      R7, 0, 0
;__Lib_Math.c,1195 :: 		
0x02B2	0x5E0B      	SUBWF       R11, 1, 0
;__Lib_Math.c,1197 :: 		
0x02B4	0x6AE8      	CLRF        WREG, 0
;__Lib_Math.c,1198 :: 		
0x02B6	0xA0D8      	BTFSS       STATUS, 0, 0
;__Lib_Math.c,1199 :: 		
0x02B8	0x0E01      	MOVLW       1
;__Lib_Math.c,1200 :: 		
0x02BA	0x5E0E      	SUBWF       R14, 1, 0
;__Lib_Math.c,1201 :: 		
0x02BC	0x3603      	RLCF        R3, 1, 0
;__Lib_Math.c,1203 :: 		
0x02BE	0x0E07      	MOVLW       7
;__Lib_Math.c,1204 :: 		
0x02C0	0x6E0C      	MOVWF       R12, 0
;__Lib_Math.c,1206 :: 		
LOOPU3232A:
;__Lib_Math.c,1207 :: 		
0x02C2	0x3403      	RLCF        R3, 0, 0
;__Lib_Math.c,1208 :: 		
0x02C4	0x3608      	RLCF        R8, 1, 0
;__Lib_Math.c,1209 :: 		
0x02C6	0x3609      	RLCF        R9, 1, 0
;__Lib_Math.c,1210 :: 		
0x02C8	0x360A      	RLCF        R10, 1, 0
;__Lib_Math.c,1211 :: 		
0x02CA	0x360B      	RLCF        R11, 1, 0
;__Lib_Math.c,1212 :: 		
0x02CC	0x360E      	RLCF        R14, 1, 0
;__Lib_Math.c,1213 :: 		
0x02CE	0x5004      	MOVF        R4, 0, 0
;__Lib_Math.c,1214 :: 		
0x02D0	0xA003      	BTFSS       R3, 0, 0
;__Lib_Math.c,1215 :: 		
0x02D2	0xD012      	BRA         UADD22LA
;__Lib_Math.c,1217 :: 		
0x02D4	0x5E08      	SUBWF       R8, 1, 0
;__Lib_Math.c,1218 :: 		
0x02D6	0x5005      	MOVF        R5, 0, 0
;__Lib_Math.c,1219 :: 		
0x02D8	0xA0D8      	BTFSS       STATUS, 0, 0
;__Lib_Math.c,1220 :: 		
0x02DA	0x3C05      	INCFSZ      R5, 0, 0
;__Lib_Math.c,1221 :: 		
0x02DC	0x5E09      	SUBWF       R9, 1, 0
;__Lib_Math.c,1222 :: 		
0x02DE	0x5006      	MOVF        R6, 0, 0
;__Lib_Math.c,1223 :: 		
0x02E0	0xA0D8      	BTFSS       STATUS, 0, 0
;__Lib_Math.c,1224 :: 		
0x02E2	0x3C06      	INCFSZ      R6, 0, 0
;__Lib_Math.c,1225 :: 		
0x02E4	0x5E0A      	SUBWF       R10, 1, 0
;__Lib_Math.c,1226 :: 		
0x02E6	0x5007      	MOVF        R7, 0, 0
;__Lib_Math.c,1227 :: 		
0x02E8	0xA0D8      	BTFSS       STATUS, 0, 0
;__Lib_Math.c,1228 :: 		
0x02EA	0x3C07      	INCFSZ      R7, 0, 0
;__Lib_Math.c,1229 :: 		
0x02EC	0x5E0B      	SUBWF       R11, 1, 0
;__Lib_Math.c,1230 :: 		
0x02EE	0x6AE8      	CLRF        WREG, 0
;__Lib_Math.c,1231 :: 		
0x02F0	0xA0D8      	BTFSS       STATUS, 0, 0
;__Lib_Math.c,1232 :: 		
0x02F2	0x0E01      	MOVLW       1
;__Lib_Math.c,1233 :: 		
0x02F4	0x5E0E      	SUBWF       R14, 1, 0
;__Lib_Math.c,1234 :: 		
0x02F6	0xD011      	BRA         UOK22LA
;__Lib_Math.c,1236 :: 		
UADD22LA:
;__Lib_Math.c,1237 :: 		
0x02F8	0x2608      	ADDWF       R8, 1, 0
;__Lib_Math.c,1238 :: 		
0x02FA	0x5005      	MOVF        R5, 0, 0
;__Lib_Math.c,1239 :: 		
0x02FC	0xB0D8      	BTFSC       STATUS, 0, 0
;__Lib_Math.c,1240 :: 		
0x02FE	0x3C05      	INCFSZ      R5, 0, 0
;__Lib_Math.c,1241 :: 		
0x0300	0x2609      	ADDWF       R9, 1, 0
;__Lib_Math.c,1242 :: 		
0x0302	0x5006      	MOVF        R6, 0, 0
;__Lib_Math.c,1243 :: 		
0x0304	0xB0D8      	BTFSC       STATUS, 0, 0
;__Lib_Math.c,1244 :: 		
0x0306	0x3C06      	INCFSZ      R6, 0, 0
;__Lib_Math.c,1245 :: 		
0x0308	0x260A      	ADDWF       R10, 1, 0
;__Lib_Math.c,1246 :: 		
0x030A	0x5007      	MOVF        R7, 0, 0
;__Lib_Math.c,1247 :: 		
0x030C	0xB0D8      	BTFSC       STATUS, 0, 0
;__Lib_Math.c,1248 :: 		
0x030E	0x3C07      	INCFSZ      R7, 0, 0
;__Lib_Math.c,1249 :: 		
0x0310	0x260B      	ADDWF       R11, 1, 0
;__Lib_Math.c,1250 :: 		
0x0312	0x6AE8      	CLRF        WREG, 0
;__Lib_Math.c,1251 :: 		
0x0314	0xB0D8      	BTFSC       STATUS, 0, 0
;__Lib_Math.c,1252 :: 		
0x0316	0x0E01      	MOVLW       1
;__Lib_Math.c,1253 :: 		
0x0318	0x260E      	ADDWF       R14, 1, 0
;__Lib_Math.c,1255 :: 		
UOK22LA:
;__Lib_Math.c,1256 :: 		
0x031A	0x3603      	RLCF        R3, 1, 0
;__Lib_Math.c,1258 :: 		
0x031C	0x2E0C      	DECFSZ      R12, 1, 0
;__Lib_Math.c,1259 :: 		
0x031E	0xD7D1      	BRA         LOOPU3232A
;__Lib_Math.c,1261 :: 		
0x0320	0x3402      	RLCF        R2, 0, 0
;__Lib_Math.c,1262 :: 		
0x0322	0x3608      	RLCF        R8, 1, 0
;__Lib_Math.c,1263 :: 		
0x0324	0x3609      	RLCF        R9, 1, 0
;__Lib_Math.c,1264 :: 		
0x0326	0x360A      	RLCF        R10, 1, 0
;__Lib_Math.c,1265 :: 		
0x0328	0x360B      	RLCF        R11, 1, 0
;__Lib_Math.c,1266 :: 		
0x032A	0x360E      	RLCF        R14, 1, 0
;__Lib_Math.c,1267 :: 		
0x032C	0x5004      	MOVF        R4, 0, 0
;__Lib_Math.c,1268 :: 		
0x032E	0xA003      	BTFSS       R3, 0, 0
;__Lib_Math.c,1269 :: 		
0x0330	0xD012      	BRA         UADD22L8
;__Lib_Math.c,1271 :: 		
0x0332	0x5E08      	SUBWF       R8, 1, 0
;__Lib_Math.c,1272 :: 		
0x0334	0x5005      	MOVF        R5, 0, 0
;__Lib_Math.c,1273 :: 		
0x0336	0xA0D8      	BTFSS       STATUS, 0, 0
;__Lib_Math.c,1274 :: 		
0x0338	0x3C05      	INCFSZ      R5, 0, 0
;__Lib_Math.c,1275 :: 		
0x033A	0x5E09      	SUBWF       R9, 1, 0
;__Lib_Math.c,1276 :: 		
0x033C	0x5006      	MOVF        R6, 0, 0
;__Lib_Math.c,1277 :: 		
0x033E	0xA0D8      	BTFSS       STATUS, 0, 0
;__Lib_Math.c,1278 :: 		
0x0340	0x3C06      	INCFSZ      R6, 0, 0
;__Lib_Math.c,1279 :: 		
0x0342	0x5E0A      	SUBWF       R10, 1, 0
;__Lib_Math.c,1280 :: 		
0x0344	0x5007      	MOVF        R7, 0, 0
;__Lib_Math.c,1281 :: 		
0x0346	0xA0D8      	BTFSS       STATUS, 0, 0
;__Lib_Math.c,1282 :: 		
0x0348	0x3C07      	INCFSZ      R7, 0, 0
;__Lib_Math.c,1283 :: 		
0x034A	0x5E0B      	SUBWF       R11, 1, 0
;__Lib_Math.c,1284 :: 		
0x034C	0x6AE8      	CLRF        WREG, 0
;__Lib_Math.c,1285 :: 		
0x034E	0xA0D8      	BTFSS       STATUS, 0, 0
;__Lib_Math.c,1286 :: 		
0x0350	0x0E01      	MOVLW       1
;__Lib_Math.c,1287 :: 		
0x0352	0x5E0E      	SUBWF       R14, 1, 0
;__Lib_Math.c,1288 :: 		
0x0354	0xD011      	BRA         UOK22L8
;__Lib_Math.c,1290 :: 		
UADD22L8:
;__Lib_Math.c,1291 :: 		
0x0356	0x2608      	ADDWF       R8, 1, 0
;__Lib_Math.c,1292 :: 		
0x0358	0x5005      	MOVF        R5, 0, 0
;__Lib_Math.c,1293 :: 		
0x035A	0xB0D8      	BTFSC       STATUS, 0, 0
;__Lib_Math.c,1294 :: 		
0x035C	0x3C05      	INCFSZ      R5, 0, 0
;__Lib_Math.c,1295 :: 		
0x035E	0x2609      	ADDWF       R9, 1, 0
;__Lib_Math.c,1296 :: 		
0x0360	0x5006      	MOVF        R6, 0, 0
;__Lib_Math.c,1297 :: 		
0x0362	0xB0D8      	BTFSC       STATUS, 0, 0
;__Lib_Math.c,1298 :: 		
0x0364	0x3C06      	INCFSZ      R6, 0, 0
;__Lib_Math.c,1299 :: 		
0x0366	0x260A      	ADDWF       R10, 1, 0
;__Lib_Math.c,1300 :: 		
0x0368	0x5007      	MOVF        R7, 0, 0
;__Lib_Math.c,1301 :: 		
0x036A	0xB0D8      	BTFSC       STATUS, 0, 0
;__Lib_Math.c,1302 :: 		
0x036C	0x3C07      	INCFSZ      R7, 0, 0
;__Lib_Math.c,1303 :: 		
0x036E	0x260B      	ADDWF       R11, 1, 0
;__Lib_Math.c,1304 :: 		
0x0370	0x6AE8      	CLRF        WREG, 0
;__Lib_Math.c,1305 :: 		
0x0372	0xB0D8      	BTFSC       STATUS, 0, 0
;__Lib_Math.c,1306 :: 		
0x0374	0x0E01      	MOVLW       1
;__Lib_Math.c,1307 :: 		
0x0376	0x260E      	ADDWF       R14, 1, 0
;__Lib_Math.c,1309 :: 		
UOK22L8:
;__Lib_Math.c,1310 :: 		
0x0378	0x3602      	RLCF        R2, 1, 0
;__Lib_Math.c,1312 :: 		
0x037A	0x0E07      	MOVLW       7
;__Lib_Math.c,1313 :: 		
0x037C	0x6E0C      	MOVWF       R12, 0
;__Lib_Math.c,1315 :: 		
LOOPU3232B:
;__Lib_Math.c,1316 :: 		
0x037E	0x3402      	RLCF        R2, 0, 0
;__Lib_Math.c,1317 :: 		
0x0380	0x3608      	RLCF        R8, 1, 0
;__Lib_Math.c,1318 :: 		
0x0382	0x3609      	RLCF        R9, 1, 0
;__Lib_Math.c,1319 :: 		
0x0384	0x360A      	RLCF        R10, 1, 0
;__Lib_Math.c,1320 :: 		
0x0386	0x360B      	RLCF        R11, 1, 0
;__Lib_Math.c,1321 :: 		
0x0388	0x360E      	RLCF        R14, 1, 0
;__Lib_Math.c,1322 :: 		
0x038A	0x5004      	MOVF        R4, 0, 0
;__Lib_Math.c,1323 :: 		
0x038C	0xA002      	BTFSS       R2, 0, 0
;__Lib_Math.c,1324 :: 		
0x038E	0xD012      	BRA         UADD22LB
;__Lib_Math.c,1326 :: 		
0x0390	0x5E08      	SUBWF       R8, 1, 0
;__Lib_Math.c,1327 :: 		
0x0392	0x5005      	MOVF        R5, 0, 0
;__Lib_Math.c,1328 :: 		
0x0394	0xA0D8      	BTFSS       STATUS, 0, 0
;__Lib_Math.c,1329 :: 		
0x0396	0x3C05      	INCFSZ      R5, 0, 0
;__Lib_Math.c,1330 :: 		
0x0398	0x5E09      	SUBWF       R9, 1, 0
;__Lib_Math.c,1331 :: 		
0x039A	0x5006      	MOVF        R6, 0, 0
;__Lib_Math.c,1332 :: 		
0x039C	0xA0D8      	BTFSS       STATUS, 0, 0
;__Lib_Math.c,1333 :: 		
0x039E	0x3C06      	INCFSZ      R6, 0, 0
;__Lib_Math.c,1334 :: 		
0x03A0	0x5E0A      	SUBWF       R10, 1, 0
;__Lib_Math.c,1335 :: 		
0x03A2	0x5007      	MOVF        R7, 0, 0
;__Lib_Math.c,1336 :: 		
0x03A4	0xA0D8      	BTFSS       STATUS, 0, 0
;__Lib_Math.c,1337 :: 		
0x03A6	0x3C07      	INCFSZ      R7, 0, 0
;__Lib_Math.c,1338 :: 		
0x03A8	0x5E0B      	SUBWF       R11, 1, 0
;__Lib_Math.c,1339 :: 		
0x03AA	0x6AE8      	CLRF        WREG, 0
;__Lib_Math.c,1340 :: 		
0x03AC	0xA0D8      	BTFSS       STATUS, 0, 0
;__Lib_Math.c,1341 :: 		
0x03AE	0x0E01      	MOVLW       1
;__Lib_Math.c,1342 :: 		
0x03B0	0x5E0E      	SUBWF       R14, 1, 0
;__Lib_Math.c,1343 :: 		
0x03B2	0xD011      	BRA         UOK22LB
;__Lib_Math.c,1345 :: 		
UADD22LB:
;__Lib_Math.c,1346 :: 		
0x03B4	0x2608      	ADDWF       R8, 1, 0
;__Lib_Math.c,1347 :: 		
0x03B6	0x5005      	MOVF        R5, 0, 0
;__Lib_Math.c,1348 :: 		
0x03B8	0xB0D8      	BTFSC       STATUS, 0, 0
;__Lib_Math.c,1349 :: 		
0x03BA	0x3C05      	INCFSZ      R5, 0, 0
;__Lib_Math.c,1350 :: 		
0x03BC	0x2609      	ADDWF       R9, 1, 0
;__Lib_Math.c,1351 :: 		
0x03BE	0x5006      	MOVF        R6, 0, 0
;__Lib_Math.c,1352 :: 		
0x03C0	0xB0D8      	BTFSC       STATUS, 0, 0
;__Lib_Math.c,1353 :: 		
0x03C2	0x3C06      	INCFSZ      R6, 0, 0
;__Lib_Math.c,1354 :: 		
0x03C4	0x260A      	ADDWF       R10, 1, 0
;__Lib_Math.c,1355 :: 		
0x03C6	0x5007      	MOVF        R7, 0, 0
;__Lib_Math.c,1356 :: 		
0x03C8	0xB0D8      	BTFSC       STATUS, 0, 0
;__Lib_Math.c,1357 :: 		
0x03CA	0x3C07      	INCFSZ      R7, 0, 0
;__Lib_Math.c,1358 :: 		
0x03CC	0x260B      	ADDWF       R11, 1, 0
;__Lib_Math.c,1359 :: 		
0x03CE	0x6AE8      	CLRF        WREG, 0
;__Lib_Math.c,1360 :: 		
0x03D0	0xB0D8      	BTFSC       STATUS, 0, 0
;__Lib_Math.c,1361 :: 		
0x03D2	0x0E01      	MOVLW       1
;__Lib_Math.c,1362 :: 		
0x03D4	0x260E      	ADDWF       R14, 1, 0
;__Lib_Math.c,1364 :: 		
UOK22LB:
;__Lib_Math.c,1365 :: 		
0x03D6	0x3602      	RLCF        R2, 1, 0
;__Lib_Math.c,1367 :: 		
0x03D8	0x2E0C      	DECFSZ      R12, 1, 0
;__Lib_Math.c,1368 :: 		
0x03DA	0xD7D1      	BRA         LOOPU3232B
;__Lib_Math.c,1370 :: 		
0x03DC	0x3401      	RLCF        R1, 0, 0
;__Lib_Math.c,1371 :: 		
0x03DE	0x3608      	RLCF        R8, 1, 0
;__Lib_Math.c,1372 :: 		
0x03E0	0x3609      	RLCF        R9, 1, 0
;__Lib_Math.c,1373 :: 		
0x03E2	0x360A      	RLCF        R10, 1, 0
;__Lib_Math.c,1374 :: 		
0x03E4	0x360B      	RLCF        R11, 1, 0
;__Lib_Math.c,1375 :: 		
0x03E6	0x360E      	RLCF        R14, 1, 0
;__Lib_Math.c,1376 :: 		
0x03E8	0x5004      	MOVF        R4, 0, 0
;__Lib_Math.c,1377 :: 		
0x03EA	0xA002      	BTFSS       R2, 0, 0
;__Lib_Math.c,1378 :: 		
0x03EC	0xD012      	BRA         UADD22L16
;__Lib_Math.c,1380 :: 		
0x03EE	0x5E08      	SUBWF       R8, 1, 0
;__Lib_Math.c,1381 :: 		
0x03F0	0x5005      	MOVF        R5, 0, 0
;__Lib_Math.c,1382 :: 		
0x03F2	0xA0D8      	BTFSS       STATUS, 0, 0
;__Lib_Math.c,1383 :: 		
0x03F4	0x3C05      	INCFSZ      R5, 0, 0
;__Lib_Math.c,1384 :: 		
0x03F6	0x5E09      	SUBWF       R9, 1, 0
;__Lib_Math.c,1385 :: 		
0x03F8	0x5006      	MOVF        R6, 0, 0
;__Lib_Math.c,1386 :: 		
0x03FA	0xA0D8      	BTFSS       STATUS, 0, 0
;__Lib_Math.c,1387 :: 		
0x03FC	0x3C06      	INCFSZ      R6, 0, 0
;__Lib_Math.c,1388 :: 		
0x03FE	0x5E0A      	SUBWF       R10, 1, 0
;__Lib_Math.c,1389 :: 		
0x0400	0x5007      	MOVF        R7, 0, 0
;__Lib_Math.c,1390 :: 		
0x0402	0xA0D8      	BTFSS       STATUS, 0, 0
;__Lib_Math.c,1391 :: 		
0x0404	0x3C07      	INCFSZ      R7, 0, 0
;__Lib_Math.c,1392 :: 		
0x0406	0x5E0B      	SUBWF       R11, 1, 0
;__Lib_Math.c,1393 :: 		
0x0408	0x6AE8      	CLRF        WREG, 0
;__Lib_Math.c,1394 :: 		
0x040A	0xA0D8      	BTFSS       STATUS, 0, 0
;__Lib_Math.c,1395 :: 		
0x040C	0x0E01      	MOVLW       1
;__Lib_Math.c,1396 :: 		
0x040E	0x5E0E      	SUBWF       R14, 1, 0
;__Lib_Math.c,1397 :: 		
0x0410	0xD011      	BRA         UOK22L16
;__Lib_Math.c,1399 :: 		
UADD22L16:
;__Lib_Math.c,1400 :: 		
0x0412	0x2608      	ADDWF       R8, 1, 0
;__Lib_Math.c,1401 :: 		
0x0414	0x5005      	MOVF        R5, 0, 0
;__Lib_Math.c,1402 :: 		
0x0416	0xB0D8      	BTFSC       STATUS, 0, 0
;__Lib_Math.c,1403 :: 		
0x0418	0x3C05      	INCFSZ      R5, 0, 0
;__Lib_Math.c,1404 :: 		
0x041A	0x2609      	ADDWF       R9, 1, 0
;__Lib_Math.c,1405 :: 		
0x041C	0x5006      	MOVF        R6, 0, 0
;__Lib_Math.c,1406 :: 		
0x041E	0xB0D8      	BTFSC       STATUS, 0, 0
;__Lib_Math.c,1407 :: 		
0x0420	0x3C06      	INCFSZ      R6, 0, 0
;__Lib_Math.c,1408 :: 		
0x0422	0x260A      	ADDWF       R10, 1, 0
;__Lib_Math.c,1409 :: 		
0x0424	0x5007      	MOVF        R7, 0, 0
;__Lib_Math.c,1410 :: 		
0x0426	0xB0D8      	BTFSC       STATUS, 0, 0
;__Lib_Math.c,1411 :: 		
0x0428	0x3C07      	INCFSZ      R7, 0, 0
;__Lib_Math.c,1412 :: 		
0x042A	0x260B      	ADDWF       R11, 1, 0
;__Lib_Math.c,1413 :: 		
0x042C	0x6AE8      	CLRF        WREG, 0
;__Lib_Math.c,1414 :: 		
0x042E	0xB0D8      	BTFSC       STATUS, 0, 0
;__Lib_Math.c,1415 :: 		
0x0430	0x0E01      	MOVLW       1
;__Lib_Math.c,1416 :: 		
0x0432	0x260E      	ADDWF       R14, 1, 0
;__Lib_Math.c,1418 :: 		
UOK22L16:
;__Lib_Math.c,1419 :: 		
0x0434	0x3601      	RLCF        R1, 1, 0
;__Lib_Math.c,1421 :: 		
0x0436	0x0E07      	MOVLW       7
;__Lib_Math.c,1422 :: 		
0x0438	0x6E0C      	MOVWF       R12, 0
;__Lib_Math.c,1424 :: 		
LOOPU3232C:
;__Lib_Math.c,1425 :: 		
0x043A	0x3401      	RLCF        R1, 0, 0
;__Lib_Math.c,1426 :: 		
0x043C	0x3608      	RLCF        R8, 1, 0
;__Lib_Math.c,1427 :: 		
0x043E	0x3609      	RLCF        R9, 1, 0
;__Lib_Math.c,1428 :: 		
0x0440	0x360A      	RLCF        R10, 1, 0
;__Lib_Math.c,1429 :: 		
0x0442	0x360B      	RLCF        R11, 1, 0
;__Lib_Math.c,1430 :: 		
0x0444	0x360E      	RLCF        R14, 1, 0
;__Lib_Math.c,1431 :: 		
0x0446	0x5004      	MOVF        R4, 0, 0
;__Lib_Math.c,1432 :: 		
0x0448	0xA001      	BTFSS       R1, 0, 0
;__Lib_Math.c,1433 :: 		
0x044A	0xD012      	BRA         UADD22LC
;__Lib_Math.c,1435 :: 		
0x044C	0x5E08      	SUBWF       R8, 1, 0
;__Lib_Math.c,1436 :: 		
0x044E	0x5005      	MOVF        R5, 0, 0
;__Lib_Math.c,1437 :: 		
0x0450	0xA0D8      	BTFSS       STATUS, 0, 0
;__Lib_Math.c,1438 :: 		
0x0452	0x3C05      	INCFSZ      R5, 0, 0
;__Lib_Math.c,1439 :: 		
0x0454	0x5E09      	SUBWF       R9, 1, 0
;__Lib_Math.c,1440 :: 		
0x0456	0x5006      	MOVF        R6, 0, 0
;__Lib_Math.c,1441 :: 		
0x0458	0xA0D8      	BTFSS       STATUS, 0, 0
;__Lib_Math.c,1442 :: 		
0x045A	0x3C06      	INCFSZ      R6, 0, 0
;__Lib_Math.c,1443 :: 		
0x045C	0x5E0A      	SUBWF       R10, 1, 0
;__Lib_Math.c,1444 :: 		
0x045E	0x5007      	MOVF        R7, 0, 0
;__Lib_Math.c,1445 :: 		
0x0460	0xA0D8      	BTFSS       STATUS, 0, 0
;__Lib_Math.c,1446 :: 		
0x0462	0x3C07      	INCFSZ      R7, 0, 0
;__Lib_Math.c,1447 :: 		
0x0464	0x5E0B      	SUBWF       R11, 1, 0
;__Lib_Math.c,1448 :: 		
0x0466	0x6AE8      	CLRF        WREG, 0
;__Lib_Math.c,1449 :: 		
0x0468	0xA0D8      	BTFSS       STATUS, 0, 0
;__Lib_Math.c,1450 :: 		
0x046A	0x0E01      	MOVLW       1
;__Lib_Math.c,1451 :: 		
0x046C	0x5E0E      	SUBWF       R14, 1, 0
;__Lib_Math.c,1452 :: 		
0x046E	0xD011      	BRA         UOK22LC
;__Lib_Math.c,1454 :: 		
UADD22LC:
;__Lib_Math.c,1455 :: 		
0x0470	0x2608      	ADDWF       R8, 1, 0
;__Lib_Math.c,1456 :: 		
0x0472	0x5005      	MOVF        R5, 0, 0
;__Lib_Math.c,1457 :: 		
0x0474	0xB0D8      	BTFSC       STATUS, 0, 0
;__Lib_Math.c,1458 :: 		
0x0476	0x3C05      	INCFSZ      R5, 0, 0
;__Lib_Math.c,1459 :: 		
0x0478	0x2609      	ADDWF       R9, 1, 0
;__Lib_Math.c,1460 :: 		
0x047A	0x5006      	MOVF        R6, 0, 0
;__Lib_Math.c,1461 :: 		
0x047C	0xB0D8      	BTFSC       STATUS, 0, 0
;__Lib_Math.c,1462 :: 		
0x047E	0x3C06      	INCFSZ      R6, 0, 0
;__Lib_Math.c,1463 :: 		
0x0480	0x260A      	ADDWF       R10, 1, 0
;__Lib_Math.c,1464 :: 		
0x0482	0x5007      	MOVF        R7, 0, 0
;__Lib_Math.c,1465 :: 		
0x0484	0xB0D8      	BTFSC       STATUS, 0, 0
;__Lib_Math.c,1466 :: 		
0x0486	0x3C07      	INCFSZ      R7, 0, 0
;__Lib_Math.c,1467 :: 		
0x0488	0x260B      	ADDWF       R11, 1, 0
;__Lib_Math.c,1468 :: 		
0x048A	0x6AE8      	CLRF        WREG, 0
;__Lib_Math.c,1469 :: 		
0x048C	0xB0D8      	BTFSC       STATUS, 0, 0
;__Lib_Math.c,1470 :: 		
0x048E	0x0E01      	MOVLW       1
;__Lib_Math.c,1471 :: 		
0x0490	0x260E      	ADDWF       R14, 1, 0
;__Lib_Math.c,1473 :: 		
UOK22LC:
;__Lib_Math.c,1474 :: 		
0x0492	0x3601      	RLCF        R1, 1, 0
;__Lib_Math.c,1476 :: 		
0x0494	0x2E0C      	DECFSZ      R12, 1, 0
;__Lib_Math.c,1477 :: 		
0x0496	0xD7D1      	BRA         LOOPU3232C
;__Lib_Math.c,1479 :: 		
0x0498	0x3400      	RLCF        R0, 0, 0
;__Lib_Math.c,1480 :: 		
0x049A	0x3608      	RLCF        R8, 1, 0
;__Lib_Math.c,1481 :: 		
0x049C	0x3609      	RLCF        R9, 1, 0
;__Lib_Math.c,1482 :: 		
0x049E	0x360A      	RLCF        R10, 1, 0
;__Lib_Math.c,1483 :: 		
0x04A0	0x360B      	RLCF        R11, 1, 0
;__Lib_Math.c,1484 :: 		
0x04A2	0x360E      	RLCF        R14, 1, 0
;__Lib_Math.c,1485 :: 		
0x04A4	0x5004      	MOVF        R4, 0, 0
;__Lib_Math.c,1486 :: 		
0x04A6	0xA001      	BTFSS       R1, 0, 0
;__Lib_Math.c,1487 :: 		
0x04A8	0xD012      	BRA         UADD22L24
;__Lib_Math.c,1489 :: 		
0x04AA	0x5E08      	SUBWF       R8, 1, 0
;__Lib_Math.c,1490 :: 		
0x04AC	0x5005      	MOVF        R5, 0, 0
;__Lib_Math.c,1491 :: 		
0x04AE	0xA0D8      	BTFSS       STATUS, 0, 0
;__Lib_Math.c,1492 :: 		
0x04B0	0x3C05      	INCFSZ      R5, 0, 0
;__Lib_Math.c,1493 :: 		
0x04B2	0x5E09      	SUBWF       R9, 1, 0
;__Lib_Math.c,1494 :: 		
0x04B4	0x5006      	MOVF        R6, 0, 0
;__Lib_Math.c,1495 :: 		
0x04B6	0xA0D8      	BTFSS       STATUS, 0, 0
;__Lib_Math.c,1496 :: 		
0x04B8	0x3C06      	INCFSZ      R6, 0, 0
;__Lib_Math.c,1497 :: 		
0x04BA	0x5E0A      	SUBWF       R10, 1, 0
;__Lib_Math.c,1498 :: 		
0x04BC	0x5007      	MOVF        R7, 0, 0
;__Lib_Math.c,1499 :: 		
0x04BE	0xA0D8      	BTFSS       STATUS, 0, 0
;__Lib_Math.c,1500 :: 		
0x04C0	0x3C07      	INCFSZ      R7, 0, 0
;__Lib_Math.c,1501 :: 		
0x04C2	0x5E0B      	SUBWF       R11, 1, 0
;__Lib_Math.c,1502 :: 		
0x04C4	0x6AE8      	CLRF        WREG, 0
;__Lib_Math.c,1503 :: 		
0x04C6	0xA0D8      	BTFSS       STATUS, 0, 0
;__Lib_Math.c,1504 :: 		
0x04C8	0x0E01      	MOVLW       1
;__Lib_Math.c,1505 :: 		
0x04CA	0x5E0E      	SUBWF       R14, 1, 0
;__Lib_Math.c,1506 :: 		
0x04CC	0xD011      	BRA         UOK22L24
;__Lib_Math.c,1508 :: 		
UADD22L24:
;__Lib_Math.c,1509 :: 		
0x04CE	0x2608      	ADDWF       R8, 1, 0
;__Lib_Math.c,1510 :: 		
0x04D0	0x5005      	MOVF        R5, 0, 0
;__Lib_Math.c,1511 :: 		
0x04D2	0xB0D8      	BTFSC       STATUS, 0, 0
;__Lib_Math.c,1512 :: 		
0x04D4	0x3C05      	INCFSZ      R5, 0, 0
;__Lib_Math.c,1513 :: 		
0x04D6	0x2609      	ADDWF       R9, 1, 0
;__Lib_Math.c,1514 :: 		
0x04D8	0x5006      	MOVF        R6, 0, 0
;__Lib_Math.c,1515 :: 		
0x04DA	0xB0D8      	BTFSC       STATUS, 0, 0
;__Lib_Math.c,1516 :: 		
0x04DC	0x3C06      	INCFSZ      R6, 0, 0
;__Lib_Math.c,1517 :: 		
0x04DE	0x260A      	ADDWF       R10, 1, 0
;__Lib_Math.c,1518 :: 		
0x04E0	0x5007      	MOVF        R7, 0, 0
;__Lib_Math.c,1519 :: 		
0x04E2	0xB0D8      	BTFSC       STATUS, 0, 0
;__Lib_Math.c,1520 :: 		
0x04E4	0x3C07      	INCFSZ      R7, 0, 0
;__Lib_Math.c,1521 :: 		
0x04E6	0x260B      	ADDWF       R11, 1, 0
;__Lib_Math.c,1522 :: 		
0x04E8	0x6AE8      	CLRF        WREG, 0
;__Lib_Math.c,1523 :: 		
0x04EA	0xB0D8      	BTFSC       STATUS, 0, 0
;__Lib_Math.c,1524 :: 		
0x04EC	0x0E01      	MOVLW       1
;__Lib_Math.c,1525 :: 		
0x04EE	0x260E      	ADDWF       R14, 1, 0
;__Lib_Math.c,1527 :: 		
UOK22L24:
;__Lib_Math.c,1528 :: 		
0x04F0	0x3600      	RLCF        R0, 1, 0
;__Lib_Math.c,1530 :: 		
0x04F2	0x0E07      	MOVLW       7
;__Lib_Math.c,1531 :: 		
0x04F4	0x6E0C      	MOVWF       R12, 0
;__Lib_Math.c,1533 :: 		
LOOPU3232D:
;__Lib_Math.c,1534 :: 		
0x04F6	0x3400      	RLCF        R0, 0, 0
;__Lib_Math.c,1535 :: 		
0x04F8	0x3608      	RLCF        R8, 1, 0
;__Lib_Math.c,1536 :: 		
0x04FA	0x3609      	RLCF        R9, 1, 0
;__Lib_Math.c,1537 :: 		
0x04FC	0x360A      	RLCF        R10, 1, 0
;__Lib_Math.c,1538 :: 		
0x04FE	0x360B      	RLCF        R11, 1, 0
;__Lib_Math.c,1539 :: 		
0x0500	0x360E      	RLCF        R14, 1, 0
;__Lib_Math.c,1540 :: 		
0x0502	0x5004      	MOVF        R4, 0, 0
;__Lib_Math.c,1541 :: 		
0x0504	0xA000      	BTFSS       R0, 0, 0
;__Lib_Math.c,1542 :: 		
0x0506	0xD012      	BRA         UADD22LD
;__Lib_Math.c,1544 :: 		
0x0508	0x5E08      	SUBWF       R8, 1, 0
;__Lib_Math.c,1545 :: 		
0x050A	0x5005      	MOVF        R5, 0, 0
;__Lib_Math.c,1546 :: 		
0x050C	0xA0D8      	BTFSS       STATUS, 0, 0
;__Lib_Math.c,1547 :: 		
0x050E	0x3C05      	INCFSZ      R5, 0, 0
;__Lib_Math.c,1548 :: 		
0x0510	0x5E09      	SUBWF       R9, 1, 0
;__Lib_Math.c,1549 :: 		
0x0512	0x5006      	MOVF        R6, 0, 0
;__Lib_Math.c,1550 :: 		
0x0514	0xA0D8      	BTFSS       STATUS, 0, 0
;__Lib_Math.c,1551 :: 		
0x0516	0x3C06      	INCFSZ      R6, 0, 0
;__Lib_Math.c,1552 :: 		
0x0518	0x5E0A      	SUBWF       R10, 1, 0
;__Lib_Math.c,1553 :: 		
0x051A	0x5007      	MOVF        R7, 0, 0
;__Lib_Math.c,1554 :: 		
0x051C	0xA0D8      	BTFSS       STATUS, 0, 0
;__Lib_Math.c,1555 :: 		
0x051E	0x3C07      	INCFSZ      R7, 0, 0
;__Lib_Math.c,1556 :: 		
0x0520	0x5E0B      	SUBWF       R11, 1, 0
;__Lib_Math.c,1557 :: 		
0x0522	0x6AE8      	CLRF        WREG, 0
;__Lib_Math.c,1558 :: 		
0x0524	0xA0D8      	BTFSS       STATUS, 0, 0
;__Lib_Math.c,1559 :: 		
0x0526	0x0E01      	MOVLW       1
;__Lib_Math.c,1560 :: 		
0x0528	0x5E0E      	SUBWF       R14, 1, 0
;__Lib_Math.c,1561 :: 		
0x052A	0xD011      	BRA         UOK22LD
;__Lib_Math.c,1563 :: 		
UADD22LD:
;__Lib_Math.c,1564 :: 		
0x052C	0x2608      	ADDWF       R8, 1, 0
;__Lib_Math.c,1565 :: 		
0x052E	0x5005      	MOVF        R5, 0, 0
;__Lib_Math.c,1566 :: 		
0x0530	0xB0D8      	BTFSC       STATUS, 0, 0
;__Lib_Math.c,1567 :: 		
0x0532	0x3C05      	INCFSZ      R5, 0, 0
;__Lib_Math.c,1568 :: 		
0x0534	0x2609      	ADDWF       R9, 1, 0
;__Lib_Math.c,1569 :: 		
0x0536	0x5006      	MOVF        R6, 0, 0
;__Lib_Math.c,1570 :: 		
0x0538	0xB0D8      	BTFSC       STATUS, 0, 0
;__Lib_Math.c,1571 :: 		
0x053A	0x3C06      	INCFSZ      R6, 0, 0
;__Lib_Math.c,1572 :: 		
0x053C	0x260A      	ADDWF       R10, 1, 0
;__Lib_Math.c,1573 :: 		
0x053E	0x5007      	MOVF        R7, 0, 0
;__Lib_Math.c,1574 :: 		
0x0540	0xB0D8      	BTFSC       STATUS, 0, 0
;__Lib_Math.c,1575 :: 		
0x0542	0x3C07      	INCFSZ      R7, 0, 0
;__Lib_Math.c,1576 :: 		
0x0544	0x260B      	ADDWF       R11, 1, 0
;__Lib_Math.c,1577 :: 		
0x0546	0x6AE8      	CLRF        WREG, 0
;__Lib_Math.c,1578 :: 		
0x0548	0xB0D8      	BTFSC       STATUS, 0, 0
;__Lib_Math.c,1579 :: 		
0x054A	0x0E01      	MOVLW       1
;__Lib_Math.c,1580 :: 		
0x054C	0x260E      	ADDWF       R14, 1, 0
;__Lib_Math.c,1582 :: 		
UOK22LD:
;__Lib_Math.c,1583 :: 		
0x054E	0x3600      	RLCF        R0, 1, 0
;__Lib_Math.c,1585 :: 		
0x0550	0x2E0C      	DECFSZ      R12, 1, 0
;__Lib_Math.c,1586 :: 		
0x0552	0xD7D1      	BRA         LOOPU3232D
;__Lib_Math.c,1588 :: 		
0x0554	0xB000      	BTFSC       R0, 0, 0
;__Lib_Math.c,1589 :: 		
0x0556	0xD00E      	BRA         UOK22L
;__Lib_Math.c,1590 :: 		
0x0558	0x5004      	MOVF        R4, 0, 0
;__Lib_Math.c,1591 :: 		
0x055A	0x2608      	ADDWF       R8, 1, 0
;__Lib_Math.c,1592 :: 		
0x055C	0x5005      	MOVF        R5, 0, 0
;__Lib_Math.c,1593 :: 		
0x055E	0xB0D8      	BTFSC       STATUS, 0, 0
;__Lib_Math.c,1594 :: 		
0x0560	0x3C05      	INCFSZ      R5, 0, 0
;__Lib_Math.c,1595 :: 		
0x0562	0x2609      	ADDWF       R9, 1, 0
;__Lib_Math.c,1596 :: 		
0x0564	0x5006      	MOVF        R6, 0, 0
;__Lib_Math.c,1597 :: 		
0x0566	0xB0D8      	BTFSC       STATUS, 0, 0
;__Lib_Math.c,1598 :: 		
0x0568	0x3C06      	INCFSZ      R6, 0, 0
;__Lib_Math.c,1599 :: 		
0x056A	0x260A      	ADDWF       R10, 1, 0
;__Lib_Math.c,1600 :: 		
0x056C	0x5007      	MOVF        R7, 0, 0
;__Lib_Math.c,1601 :: 		
0x056E	0xB0D8      	BTFSC       STATUS, 0, 0
;__Lib_Math.c,1602 :: 		
0x0570	0x3C07      	INCFSZ      R7, 0, 0
;__Lib_Math.c,1603 :: 		
0x0572	0x260B      	ADDWF       R11, 1, 0
;__Lib_Math.c,1605 :: 		
UOK22L:
;__Lib_Math.c,1607 :: 		
L_end_Div_32x32_U:
0x0574	0x0012      	RETURN      0
; end of _Div_32x32_U
_Sound_Init:
;__Lib_Sound.c,9 :: 		
;__Lib_Sound.c,11 :: 		
0x0576	0xF01EC025  	MOVFF       FARG_Sound_Init_snd_port, __Lib_Sound_soundPortAddr
0x057A	0xF01FC026  	MOVFF       FARG_Sound_Init_snd_port+1, __Lib_Sound_soundPortAddr+1
;__Lib_Sound.c,13 :: 		
0x057E	0xF001C027  	MOVFF       FARG_Sound_Init_snd_pin, R1
0x0582	0x0E01      	MOVLW       1
0x0584	0x6E00      	MOVWF       R0 
0x0586	0x5001      	MOVF        R1, 0 
L__Sound_Init12:
0x0588	0xE004      	BZ          L__Sound_Init13
0x058A	0x3600      	RLCF        R0, 1 
0x058C	0x9000      	BCF         R0, 0 
0x058E	0x0FFF      	ADDLW       255
0x0590	0xD7FB      	BRA         L__Sound_Init12
L__Sound_Init13:
0x0592	0xF020C000  	MOVFF       R0, __Lib_Sound_pinMask1
;__Lib_Sound.c,14 :: 		
0x0596	0x1E00      	COMF        R0, 1 
0x0598	0xF021C000  	MOVFF       R0, __Lib_Sound_pinMask0
;__Lib_Sound.c,18 :: 		
0x059C	0x0E12      	MOVLW       18
0x059E	0x2425      	ADDWF       FARG_Sound_Init_snd_port, 0 
0x05A0	0x6EE9      	MOVWF       FSR0L 
0x05A2	0x0E00      	MOVLW       0
0x05A4	0x2026      	ADDWFC      FARG_Sound_Init_snd_port+1, 0 
0x05A6	0x6EEA      	MOVWF       FSR0H 
;__Lib_Sound.c,19 :: 		
0x05A8	0x5000      	MOVF        R0, 0 
0x05AA	0x16EF      	ANDWF       INDF0, 1 
;__Lib_Sound.c,21 :: 		
0x05AC	0x0E12      	MOVLW       18
0x05AE	0x5EE9      	SUBWF       FSR0L, 1 
;__Lib_Sound.c,22 :: 		
0x05B0	0x5000      	MOVF        R0, 0 
0x05B2	0x16EF      	ANDWF       INDF0, 1 
;__Lib_Sound.c,23 :: 		
L_end_Sound_Init:
0x05B4	0x0012      	RETURN      0
; end of _Sound_Init
_Ps2_Config:
;__Lib_PS2.c,590 :: 		
;__Lib_PS2.c,591 :: 		
0x05B6	0x8095      	BSF         PS2_Data_Direction, BitPos(PS2_Data_Direction+0) 
;__Lib_PS2.c,592 :: 		
0x05B8	0x8295      	BSF         PS2_Clock_Direction, BitPos(PS2_Clock_Direction+0) 
;__Lib_PS2.c,594 :: 		
0x05BA	0x6A24      	CLRF        __Lib_PS2_led 
;__Lib_PS2.c,595 :: 		
L_end_Ps2_Config:
0x05BC	0x0012      	RETURN      0
; end of _Ps2_Config
___CC2DW:
;__Lib_System.c,21 :: 		
;__Lib_System.c,23 :: 		
_CC2DL_Loop1:
;__Lib_System.c,24 :: 		
0x05BE	0x0009      	TBLRD*+
;__Lib_System.c,25 :: 		
0x05C0	0xFFE6CFF5  	MOVFF       TABLAT, POSTINC1
;__Lib_System.c,26 :: 		
0x05C4	0x0600      	DECF        R0, 1, 0
;__Lib_System.c,27 :: 		
0x05C6	0xE1FB      	BNZ         _CC2DL_Loop1
;__Lib_System.c,28 :: 		
0x05C8	0x0601      	DECF        R1, 1, 0
;__Lib_System.c,29 :: 		
0x05CA	0xE1F9      	BNZ         _CC2DL_Loop1
;__Lib_System.c,31 :: 		
L_end___CC2DW:
0x05CC	0x0012      	RETURN      0
; end of ___CC2DW
_Sound_Play:
;__Lib_Sound.c,26 :: 		
;__Lib_Sound.c,30 :: 		
0x05CE	0xDD96      	RCALL       _Get_Fosc_kHz
0x05D0	0x0EE8      	MOVLW       232
0x05D2	0x6E04      	MOVWF       R4 
0x05D4	0x0E03      	MOVLW       3
0x05D6	0x6E05      	MOVWF       R5 
0x05D8	0x0E00      	MOVLW       0
0x05DA	0x6E06      	MOVWF       R6 
0x05DC	0x6E07      	MOVWF       R7 
0x05DE	0xDD48      	RCALL       _Mul_32x32_U
0x05E0	0xF02DC000  	MOVFF       R0, Sound_Play_per_nc_L0
0x05E4	0xF02EC001  	MOVFF       R1, Sound_Play_per_nc_L0+1
0x05E8	0xF02FC002  	MOVFF       R2, Sound_Play_per_nc_L0+2
0x05EC	0xF030C003  	MOVFF       R3, Sound_Play_per_nc_L0+3
;__Lib_Sound.c,31 :: 		
0x05F0	0xF004C025  	MOVFF       FARG_Sound_Play_freq_in_hz, R4
0x05F4	0xF005C026  	MOVFF       FARG_Sound_Play_freq_in_hz+1, R5
0x05F8	0x0E00      	MOVLW       0
0x05FA	0x6E06      	MOVWF       R6 
0x05FC	0x6E07      	MOVWF       R7 
0x05FE	0xDE45      	RCALL       _Div_32x32_U
0x0600	0xF02DC000  	MOVFF       R0, Sound_Play_per_nc_L0
0x0604	0xF02EC001  	MOVFF       R1, Sound_Play_per_nc_L0+1
0x0608	0xF02FC002  	MOVFF       R2, Sound_Play_per_nc_L0+2
0x060C	0xF030C003  	MOVFF       R3, Sound_Play_per_nc_L0+3
;__Lib_Sound.c,32 :: 		
0x0610	0xF005C000  	MOVFF       R0, R5
0x0614	0xF006C001  	MOVFF       R1, R6
0x0618	0xF007C002  	MOVFF       R2, R7
0x061C	0xF008C003  	MOVFF       R3, R8
0x0620	0x3208      	RRCF        R8, 1 
0x0622	0x3207      	RRCF        R7, 1 
0x0624	0x3206      	RRCF        R6, 1 
0x0626	0x3205      	RRCF        R5, 1 
0x0628	0x9E08      	BCF         R8, 7 
0x062A	0x3208      	RRCF        R8, 1 
0x062C	0x3207      	RRCF        R7, 1 
0x062E	0x3206      	RRCF        R6, 1 
0x0630	0x3205      	RRCF        R5, 1 
0x0632	0x9E08      	BCF         R8, 7 
0x0634	0xF000C005  	MOVFF       R5, R0
0x0638	0xF001C006  	MOVFF       R6, R1
0x063C	0xF002C007  	MOVFF       R7, R2
0x0640	0xF003C008  	MOVFF       R8, R3
0x0644	0x3203      	RRCF        R3, 1 
0x0646	0x3202      	RRCF        R2, 1 
0x0648	0x3201      	RRCF        R1, 1 
0x064A	0x3200      	RRCF        R0, 1 
0x064C	0x9E03      	BCF         R3, 7 
0x064E	0xF029C000  	MOVFF       R0, Sound_Play_nc_L0
0x0652	0xF02AC001  	MOVFF       R1, Sound_Play_nc_L0+1
;__Lib_Sound.c,35 :: 		
0x0656	0xDD52      	RCALL       _Get_Fosc_kHz
0x0658	0xF004C027  	MOVFF       FARG_Sound_Play_duration_ms, R4
0x065C	0xF005C028  	MOVFF       FARG_Sound_Play_duration_ms+1, R5
0x0660	0x0E00      	MOVLW       0
0x0662	0x6E06      	MOVWF       R6 
0x0664	0x6E07      	MOVWF       R7 
0x0666	0xDD04      	RCALL       _Mul_32x32_U
0x0668	0xF009C029  	MOVFF       Sound_Play_nc_L0, R9
0x066C	0xF00AC02A  	MOVFF       Sound_Play_nc_L0+1, R10
0x0670	0x0E00      	MOVLW       0
0x0672	0x6E0B      	MOVWF       R11 
0x0674	0x6E0C      	MOVWF       R12 
0x0676	0x0E03      	MOVLW       3
0x0678	0x6E08      	MOVWF       R8 
0x067A	0xF004C009  	MOVFF       R9, R4
0x067E	0xF005C00A  	MOVFF       R10, R5
0x0682	0xF006C00B  	MOVFF       R11, R6
0x0686	0xF007C00C  	MOVFF       R12, R7
0x068A	0x5008      	MOVF        R8, 0 
L__Sound_Play15:
0x068C	0xE007      	BZ          L__Sound_Play16
0x068E	0x3604      	RLCF        R4, 1 
0x0690	0x9004      	BCF         R4, 0 
0x0692	0x3605      	RLCF        R5, 1 
0x0694	0x3606      	RLCF        R6, 1 
0x0696	0x3607      	RLCF        R7, 1 
0x0698	0x0FFF      	ADDLW       255
0x069A	0xD7F8      	BRA         L__Sound_Play15
L__Sound_Play16:
0x069C	0xDDF6      	RCALL       _Div_32x32_U
0x069E	0xF02DC000  	MOVFF       R0, Sound_Play_per_nc_L0
0x06A2	0xF02EC001  	MOVFF       R1, Sound_Play_per_nc_L0+1
0x06A6	0xF02FC002  	MOVFF       R2, Sound_Play_per_nc_L0+2
0x06AA	0xF030C003  	MOVFF       R3, Sound_Play_per_nc_L0+3
;__Lib_Sound.c,37 :: 		
0x06AE	0x0E0A      	MOVLW       10
0x06B0	0x6E04      	MOVWF       R4 
0x06B2	0x0E00      	MOVLW       0
0x06B4	0x6E05      	MOVWF       R5 
0x06B6	0xF000C029  	MOVFF       Sound_Play_nc_L0, R0
0x06BA	0xF001C02A  	MOVFF       Sound_Play_nc_L0+1, R1
0x06BE	0xDD37      	RCALL       _Div_16x16_U
0x06C0	0xF029C000  	MOVFF       R0, Sound_Play_nc_L0
0x06C4	0xF02AC001  	MOVFF       R1, Sound_Play_nc_L0+1
;__Lib_Sound.c,38 :: 		
0x06C8	0x0E00      	MOVLW       0
0x06CA	0x5C01      	SUBWF       R1, 0 
0x06CC	0xE102      	BNZ         L__Sound_Play17
0x06CE	0x0E03      	MOVLW       3
0x06D0	0x5C00      	SUBWF       R0, 0 
L__Sound_Play17:
0x06D2	0xE201      	BC          L_Sound_Play0
0x06D4	0xD041      	BRA         L_end_Sound_Play
L_Sound_Play0:
;__Lib_Sound.c,39 :: 		
0x06D6	0xFFE9C01E  	MOVFF       __Lib_Sound_soundPortAddr, FSR0L
0x06DA	0xFFEAC01F  	MOVFF       __Lib_Sound_soundPortAddr+1, FSR0H
;__Lib_Sound.c,40 :: 		
L_Sound_Play1:
0x06DE	0x5030      	MOVF        Sound_Play_per_nc_L0+3, 0 
0x06E0	0x0800      	SUBLW       0
0x06E2	0xE108      	BNZ         L__Sound_Play18
0x06E4	0x502F      	MOVF        Sound_Play_per_nc_L0+2, 0 
0x06E6	0x0800      	SUBLW       0
0x06E8	0xE105      	BNZ         L__Sound_Play18
0x06EA	0x502E      	MOVF        Sound_Play_per_nc_L0+1, 0 
0x06EC	0x0800      	SUBLW       0
0x06EE	0xE102      	BNZ         L__Sound_Play18
0x06F0	0x502D      	MOVF        Sound_Play_per_nc_L0, 0 
0x06F2	0x0800      	SUBLW       0
L__Sound_Play18:
0x06F4	0xE22F      	BC          L_Sound_Play2
;__Lib_Sound.c,42 :: 		
0x06F6	0x5020      	MOVF        __Lib_Sound_pinMask1, 0 
0x06F8	0x12EF      	IORWF       INDF0, 1 
;__Lib_Sound.c,44 :: 		
0x06FA	0x522A      	MOVF        Sound_Play_nc_L0+1, 1 
0x06FC	0xE00D      	BZ          L_Sound_Play3
;__Lib_Sound.c,45 :: 		
0x06FE	0x6A2B      	CLRF        Sound_Play_i_L0 
0x0700	0x6A2C      	CLRF        Sound_Play_i_L0+1 
L_Sound_Play4:
0x0702	0x0E00      	MOVLW       0
0x0704	0x5C2C      	SUBWF       Sound_Play_i_L0+1, 0 
0x0706	0xE102      	BNZ         L__Sound_Play19
0x0708	0x502A      	MOVF        Sound_Play_nc_L0+1, 0 
0x070A	0x5C2B      	SUBWF       Sound_Play_i_L0, 0 
L__Sound_Play19:
0x070C	0xE205      	BC          L_Sound_Play5
;__Lib_Sound.c,46 :: 		
0x070E	0x6A31      	CLRF        FARG_Delay_Cyc_cycles_div_by_10 
0x0710	0xDCFD      	RCALL       _Delay_Cyc
;__Lib_Sound.c,45 :: 		
0x0712	0x4A2B      	INFSNZ      Sound_Play_i_L0, 1 
0x0714	0x2A2C      	INCF        Sound_Play_i_L0+1, 1 
;__Lib_Sound.c,47 :: 		
0x0716	0xD7F5      	BRA         L_Sound_Play4
L_Sound_Play5:
;__Lib_Sound.c,48 :: 		
L_Sound_Play3:
;__Lib_Sound.c,49 :: 		
0x0718	0xF031C029  	MOVFF       Sound_Play_nc_L0, FARG_Delay_Cyc_cycles_div_by_10
0x071C	0xDCF7      	RCALL       _Delay_Cyc
;__Lib_Sound.c,52 :: 		
0x071E	0x5021      	MOVF        __Lib_Sound_pinMask0, 0 
0x0720	0x16EF      	ANDWF       INDF0, 1 
;__Lib_Sound.c,54 :: 		
0x0722	0x522A      	MOVF        Sound_Play_nc_L0+1, 1 
0x0724	0xE00D      	BZ          L_Sound_Play7
;__Lib_Sound.c,55 :: 		
0x0726	0x6A2B      	CLRF        Sound_Play_i_L0 
0x0728	0x6A2C      	CLRF        Sound_Play_i_L0+1 
L_Sound_Play8:
0x072A	0x0E00      	MOVLW       0
0x072C	0x5C2C      	SUBWF       Sound_Play_i_L0+1, 0 
0x072E	0xE102      	BNZ         L__Sound_Play20
0x0730	0x502A      	MOVF        Sound_Play_nc_L0+1, 0 
0x0732	0x5C2B      	SUBWF       Sound_Play_i_L0, 0 
L__Sound_Play20:
0x0734	0xE205      	BC          L_Sound_Play9
;__Lib_Sound.c,56 :: 		
0x0736	0x6A31      	CLRF        FARG_Delay_Cyc_cycles_div_by_10 
0x0738	0xDCE9      	RCALL       _Delay_Cyc
;__Lib_Sound.c,55 :: 		
0x073A	0x4A2B      	INFSNZ      Sound_Play_i_L0, 1 
0x073C	0x2A2C      	INCF        Sound_Play_i_L0+1, 1 
;__Lib_Sound.c,57 :: 		
0x073E	0xD7F5      	BRA         L_Sound_Play8
L_Sound_Play9:
;__Lib_Sound.c,58 :: 		
L_Sound_Play7:
;__Lib_Sound.c,59 :: 		
0x0740	0xF031C029  	MOVFF       Sound_Play_nc_L0, FARG_Delay_Cyc_cycles_div_by_10
0x0744	0xDCE3      	RCALL       _Delay_Cyc
;__Lib_Sound.c,61 :: 		
0x0746	0x0E01      	MOVLW       1
0x0748	0x5E2D      	SUBWF       Sound_Play_per_nc_L0, 1 
0x074A	0x0E00      	MOVLW       0
0x074C	0x5A2E      	SUBWFB      Sound_Play_per_nc_L0+1, 1 
0x074E	0x5A2F      	SUBWFB      Sound_Play_per_nc_L0+2, 1 
0x0750	0x5A30      	SUBWFB      Sound_Play_per_nc_L0+3, 1 
;__Lib_Sound.c,63 :: 		
0x0752	0xD7C5      	BRA         L_Sound_Play1
L_Sound_Play2:
;__Lib_Sound.c,64 :: 		
0x0754	0x5021      	MOVF        __Lib_Sound_pinMask0, 0 
0x0756	0x16EF      	ANDWF       INDF0, 1 
;__Lib_Sound.c,65 :: 		
L_end_Sound_Play:
0x0758	0x0012      	RETURN      0
; end of _Sound_Play
_Mul_16x16_U:
;__Lib_Math.c,440 :: 		
;__Lib_Math.c,447 :: 		
0x075A	0x6A0B      	CLRF        R11, 0
;__Lib_Math.c,448 :: 		
0x075C	0x6A0A      	CLRF        R10, 0
;__Lib_Math.c,449 :: 		
0x075E	0x6A09      	CLRF        R9, 0
;__Lib_Math.c,450 :: 		
0x0760	0x5000      	MOVF        R0, 0, 0
;__Lib_Math.c,451 :: 		
0x0762	0x0204      	MULWF       R4, 0
;__Lib_Math.c,453 :: 		
0x0764	0xF009CFF4  	MOVFF       PRODH, R9
;__Lib_Math.c,454 :: 		
0x0768	0xF008CFF3  	MOVFF       PRODL, R8
;__Lib_Math.c,455 :: 		
0x076C	0x5001      	MOVF        R1, 0, 0
;__Lib_Math.c,456 :: 		
0x076E	0x0205      	MULWF       R5, 0
;__Lib_Math.c,458 :: 		
0x0770	0xF00BCFF4  	MOVFF       PRODH, R11
;__Lib_Math.c,459 :: 		
0x0774	0xF00ACFF3  	MOVFF       PRODL, R10
;__Lib_Math.c,460 :: 		
0x0778	0x5000      	MOVF        R0, 0, 0
;__Lib_Math.c,461 :: 		
0x077A	0x0205      	MULWF       R5, 0
;__Lib_Math.c,463 :: 		
0x077C	0x50F3      	MOVF        PRODL, 0, 0
;__Lib_Math.c,464 :: 		
0x077E	0x2609      	ADDWF       R9, 1, 0
;__Lib_Math.c,465 :: 		
0x0780	0x50F4      	MOVF        PRODH, 0, 0
;__Lib_Math.c,466 :: 		
0x0782	0x220A      	ADDWFC      R10, 1, 0
;__Lib_Math.c,467 :: 		
0x0784	0x6AE8      	CLRF        WREG, 0
;__Lib_Math.c,468 :: 		
0x0786	0x220B      	ADDWFC      R11, 1, 0
;__Lib_Math.c,469 :: 		
0x0788	0x5001      	MOVF        R1, 0, 0
;__Lib_Math.c,470 :: 		
0x078A	0x0204      	MULWF       R4, 0
;__Lib_Math.c,472 :: 		
0x078C	0x50F3      	MOVF        PRODL, 0, 0
;__Lib_Math.c,473 :: 		
0x078E	0x2609      	ADDWF       R9, 1, 0
;__Lib_Math.c,474 :: 		
0x0790	0x50F4      	MOVF        PRODH, 0, 0
;__Lib_Math.c,475 :: 		
0x0792	0x220A      	ADDWFC      R10, 1, 0
;__Lib_Math.c,476 :: 		
0x0794	0x6AE8      	CLRF        WREG, 0
;__Lib_Math.c,477 :: 		
0x0796	0x220B      	ADDWFC      R11, 1, 0
;__Lib_Math.c,479 :: 		
0x0798	0xF000C008  	MOVFF       R8, R0
;__Lib_Math.c,480 :: 		
0x079C	0xF001C009  	MOVFF       R9, R1
;__Lib_Math.c,481 :: 		
0x07A0	0xF002C00A  	MOVFF       R10, R2
;__Lib_Math.c,482 :: 		
0x07A4	0xF003C00B  	MOVFF       R11, R3
;__Lib_Math.c,485 :: 		
L_end_Mul_16x16_U:
0x07A8	0x0012      	RETURN      0
; end of _Mul_16x16_U
_Ps2_Key_Read:
;__Lib_PS2.c,489 :: 		
;__Lib_PS2.c,493 :: 		
0x07AA	0x0E01      	MOVLW       1
0x07AC	0x6E2D      	MOVWF       Ps2_Key_Read_l_special_L0 
;__Lib_PS2.c,494 :: 		
0x07AE	0x0E01      	MOVLW       1
0x07B0	0x6E2E      	MOVWF       Ps2_Key_Read_l_pressed_L0 
;__Lib_PS2.c,495 :: 		
0x07B2	0x6A2C      	CLRF        Ps2_Key_Read_l_value_L0 
;__Lib_PS2.c,496 :: 		
0x07B4	0x6A22      	CLRF        __Lib_PS2_extended 
;__Lib_PS2.c,499 :: 		
0x07B6	0xDC85      	RCALL       __Lib_PS2_Keyboard_Active
0x07B8	0x5200      	MOVF        R0, 1 
0x07BA	0xE102      	BNZ         L_Ps2_Key_Read43
;__Lib_PS2.c,500 :: 		
0x07BC	0x6A00      	CLRF        R0 
0x07BE	0xD092      	BRA         L_end_Ps2_Key_Read
;__Lib_PS2.c,501 :: 		
L_Ps2_Key_Read43:
;__Lib_PS2.c,504 :: 		
0x07C0	0x0E2B      	MOVLW       Ps2_Key_Read_raw_data_L0
0x07C2	0x6E31      	MOVWF       FARG___Lib_PS2_Get_Hex_ddata 
0x07C4	0x0E00      	MOVLW       hi_addr(Ps2_Key_Read_raw_data_L0)
0x07C6	0x6E32      	MOVWF       FARG___Lib_PS2_Get_Hex_ddata+1 
0x07C8	0xDD2E      	RCALL       __Lib_PS2_Get_Hex
;__Lib_PS2.c,507 :: 		
0x07CA	0x502B      	MOVF        Ps2_Key_Read_raw_data_L0, 0 
0x07CC	0x0AF0      	XORLW       240
0x07CE	0xE10B      	BNZ         L_Ps2_Key_Read44
;__Lib_PS2.c,508 :: 		
0x07D0	0x6A2E      	CLRF        Ps2_Key_Read_l_pressed_L0 
;__Lib_PS2.c,509 :: 		
L_Ps2_Key_Read45:
0x07D2	0xDC77      	RCALL       __Lib_PS2_Keyboard_Active
0x07D4	0x5200      	MOVF        R0, 1 
0x07D6	0xE101      	BNZ         L_Ps2_Key_Read46
0x07D8	0xD7FC      	BRA         L_Ps2_Key_Read45
L_Ps2_Key_Read46:
;__Lib_PS2.c,510 :: 		
0x07DA	0x0E2B      	MOVLW       Ps2_Key_Read_raw_data_L0
0x07DC	0x6E31      	MOVWF       FARG___Lib_PS2_Get_Hex_ddata 
0x07DE	0x0E00      	MOVLW       hi_addr(Ps2_Key_Read_raw_data_L0)
0x07E0	0x6E32      	MOVWF       FARG___Lib_PS2_Get_Hex_ddata+1 
0x07E2	0xDD21      	RCALL       __Lib_PS2_Get_Hex
;__Lib_PS2.c,511 :: 		
0x07E4	0xD02E      	BRA         L_Ps2_Key_Read47
L_Ps2_Key_Read44:
;__Lib_PS2.c,513 :: 		
0x07E6	0x502B      	MOVF        Ps2_Key_Read_raw_data_L0, 0 
0x07E8	0x0AE0      	XORLW       224
0x07EA	0xE119      	BNZ         L_Ps2_Key_Read48
;__Lib_PS2.c,514 :: 		
L_Ps2_Key_Read49:
0x07EC	0xDC6A      	RCALL       __Lib_PS2_Keyboard_Active
0x07EE	0x5200      	MOVF        R0, 1 
0x07F0	0xE101      	BNZ         L_Ps2_Key_Read50
0x07F2	0xD7FC      	BRA         L_Ps2_Key_Read49
L_Ps2_Key_Read50:
;__Lib_PS2.c,515 :: 		
0x07F4	0x0E2B      	MOVLW       Ps2_Key_Read_raw_data_L0
0x07F6	0x6E31      	MOVWF       FARG___Lib_PS2_Get_Hex_ddata 
0x07F8	0x0E00      	MOVLW       hi_addr(Ps2_Key_Read_raw_data_L0)
0x07FA	0x6E32      	MOVWF       FARG___Lib_PS2_Get_Hex_ddata+1 
0x07FC	0xDD14      	RCALL       __Lib_PS2_Get_Hex
;__Lib_PS2.c,516 :: 		
0x07FE	0x502B      	MOVF        Ps2_Key_Read_raw_data_L0, 0 
0x0800	0x0AF0      	XORLW       240
0x0802	0xE10A      	BNZ         L_Ps2_Key_Read51
;__Lib_PS2.c,517 :: 		
0x0804	0x6A2E      	CLRF        Ps2_Key_Read_l_pressed_L0 
;__Lib_PS2.c,518 :: 		
L_Ps2_Key_Read52:
0x0806	0xDC5D      	RCALL       __Lib_PS2_Keyboard_Active
0x0808	0x5200      	MOVF        R0, 1 
0x080A	0xE101      	BNZ         L_Ps2_Key_Read53
0x080C	0xD7FC      	BRA         L_Ps2_Key_Read52
L_Ps2_Key_Read53:
;__Lib_PS2.c,519 :: 		
0x080E	0x0E2B      	MOVLW       Ps2_Key_Read_raw_data_L0
0x0810	0x6E31      	MOVWF       FARG___Lib_PS2_Get_Hex_ddata 
0x0812	0x0E00      	MOVLW       hi_addr(Ps2_Key_Read_raw_data_L0)
0x0814	0x6E32      	MOVWF       FARG___Lib_PS2_Get_Hex_ddata+1 
0x0816	0xDD07      	RCALL       __Lib_PS2_Get_Hex
;__Lib_PS2.c,520 :: 		
L_Ps2_Key_Read51:
;__Lib_PS2.c,521 :: 		
0x0818	0x0E01      	MOVLW       1
0x081A	0x6E22      	MOVWF       __Lib_PS2_extended 
;__Lib_PS2.c,522 :: 		
0x081C	0xD012      	BRA         L_Ps2_Key_Read54
L_Ps2_Key_Read48:
;__Lib_PS2.c,524 :: 		
0x081E	0x502B      	MOVF        Ps2_Key_Read_raw_data_L0, 0 
0x0820	0x0A77      	XORLW       119
0x0822	0xE10A      	BNZ         L_Ps2_Key_Read55
;__Lib_PS2.c,525 :: 		
0x0824	0x0E01      	MOVLW       1
0x0826	0x6E2D      	MOVWF       Ps2_Key_Read_l_special_L0 
;__Lib_PS2.c,526 :: 		
0x0828	0x522E      	MOVF        Ps2_Key_Read_l_pressed_L0, 1 
0x082A	0xE005      	BZ          L_Ps2_Key_Read56
;__Lib_PS2.c,527 :: 		
0x082C	0xB224      	BTFSC       __Lib_PS2_led, 1 
0x082E	0xD002      	BRA         L_Ps2_Key_Read57
;__Lib_PS2.c,528 :: 		
0x0830	0x8224      	BSF         __Lib_PS2_led, 1 
0x0832	0xD001      	BRA         L_Ps2_Key_Read58
L_Ps2_Key_Read57:
;__Lib_PS2.c,530 :: 		
0x0834	0x9224      	BCF         __Lib_PS2_led, 1 
L_Ps2_Key_Read58:
L_Ps2_Key_Read56:
;__Lib_PS2.c,531 :: 		
0x0836	0xD005      	BRA         L_Ps2_Key_Read59
L_Ps2_Key_Read55:
;__Lib_PS2.c,533 :: 		
0x0838	0x502B      	MOVF        Ps2_Key_Read_raw_data_L0, 0 
0x083A	0x0AE1      	XORLW       225
0x083C	0xE102      	BNZ         L_Ps2_Key_Read60
;__Lib_PS2.c,534 :: 		
0x083E	0x0EE0      	MOVLW       224
0x0840	0x6E2C      	MOVWF       Ps2_Key_Read_l_value_L0 
L_Ps2_Key_Read60:
L_Ps2_Key_Read59:
L_Ps2_Key_Read54:
L_Ps2_Key_Read47:
;__Lib_PS2.c,537 :: 		
0x0842	0x5222      	MOVF        __Lib_PS2_extended, 1 
0x0844	0xE00A      	BZ          L_Ps2_Key_Read61
;__Lib_PS2.c,538 :: 		
0x0846	0x502B      	MOVF        Ps2_Key_Read_raw_data_L0, 0 
0x0848	0x0A12      	XORLW       18
0x084A	0xE102      	BNZ         L_Ps2_Key_Read62
;__Lib_PS2.c,539 :: 		
0x084C	0x0EDF      	MOVLW       223
0x084E	0x6E2C      	MOVWF       Ps2_Key_Read_l_value_L0 
L_Ps2_Key_Read62:
;__Lib_PS2.c,540 :: 		
0x0850	0x502B      	MOVF        Ps2_Key_Read_raw_data_L0, 0 
0x0852	0x0A7C      	XORLW       124
0x0854	0xE102      	BNZ         L_Ps2_Key_Read63
;__Lib_PS2.c,541 :: 		
0x0856	0x0EDF      	MOVLW       223
0x0858	0x6E2C      	MOVWF       Ps2_Key_Read_l_value_L0 
L_Ps2_Key_Read63:
;__Lib_PS2.c,542 :: 		
L_Ps2_Key_Read61:
;__Lib_PS2.c,544 :: 		
0x085A	0x502B      	MOVF        Ps2_Key_Read_raw_data_L0, 0 
0x085C	0x0A12      	XORLW       18
0x085E	0xE004      	BZ          L__Ps2_Key_Read85
0x0860	0x502B      	MOVF        Ps2_Key_Read_raw_data_L0, 0 
0x0862	0x0A59      	XORLW       89
0x0864	0xE001      	BZ          L__Ps2_Key_Read85
0x0866	0xD007      	BRA         L_Ps2_Key_Read66
L__Ps2_Key_Read85:
;__Lib_PS2.c,545 :: 		
0x0868	0x0E01      	MOVLW       1
0x086A	0x6E2D      	MOVWF       Ps2_Key_Read_l_special_L0 
;__Lib_PS2.c,546 :: 		
0x086C	0x522E      	MOVF        Ps2_Key_Read_l_pressed_L0, 1 
0x086E	0xE002      	BZ          L_Ps2_Key_Read67
;__Lib_PS2.c,547 :: 		
0x0870	0x8A24      	BSF         __Lib_PS2_led, 5 
0x0872	0xD001      	BRA         L_Ps2_Key_Read68
L_Ps2_Key_Read67:
;__Lib_PS2.c,549 :: 		
0x0874	0x9A24      	BCF         __Lib_PS2_led, 5 
L_Ps2_Key_Read68:
;__Lib_PS2.c,550 :: 		
L_Ps2_Key_Read66:
;__Lib_PS2.c,556 :: 		
0x0876	0xB224      	BTFSC       __Lib_PS2_led, 1 
0x0878	0xD005      	BRA         L_Ps2_Key_Read71
0x087A	0x502B      	MOVF        Ps2_Key_Read_raw_data_L0, 0 
0x087C	0x0A73      	XORLW       115
0x087E	0xE102      	BNZ         L_Ps2_Key_Read71
L__Ps2_Key_Read84:
;__Lib_PS2.c,557 :: 		
0x0880	0x6A00      	CLRF        R0 
0x0882	0xD030      	BRA         L_end_Ps2_Key_Read
L_Ps2_Key_Read71:
;__Lib_PS2.c,562 :: 		
0x0884	0x502C      	MOVF        Ps2_Key_Read_l_value_L0, 0 
0x0886	0x0A00      	XORLW       0
0x0888	0xE106      	BNZ         L_Ps2_Key_Read72
;__Lib_PS2.c,563 :: 		
0x088A	0x6A2D      	CLRF        Ps2_Key_Read_l_special_L0 
;__Lib_PS2.c,564 :: 		
0x088C	0xF031C02B  	MOVFF       Ps2_Key_Read_raw_data_L0, FARG___Lib_PS2_Ps2_Get_Value_raw
0x0890	0xDC69      	RCALL       __Lib_PS2_Ps2_Get_Value
0x0892	0xF02CC000  	MOVFF       R0, Ps2_Key_Read_l_value_L0
;__Lib_PS2.c,565 :: 		
L_Ps2_Key_Read72:
;__Lib_PS2.c,568 :: 		
0x0896	0x502C      	MOVF        Ps2_Key_Read_l_value_L0, 0 
0x0898	0x0AE1      	XORLW       225
0x089A	0xE109      	BNZ         L_Ps2_Key_Read73
;__Lib_PS2.c,569 :: 		
0x089C	0x0E01      	MOVLW       1
0x089E	0x6E2D      	MOVWF       Ps2_Key_Read_l_special_L0 
;__Lib_PS2.c,570 :: 		
0x08A0	0x522E      	MOVF        Ps2_Key_Read_l_pressed_L0, 1 
0x08A2	0xE005      	BZ          L_Ps2_Key_Read74
;__Lib_PS2.c,571 :: 		
0x08A4	0xB424      	BTFSC       __Lib_PS2_led, 2 
0x08A6	0xD002      	BRA         L_Ps2_Key_Read75
;__Lib_PS2.c,572 :: 		
0x08A8	0x8424      	BSF         __Lib_PS2_led, 2 
0x08AA	0xD001      	BRA         L_Ps2_Key_Read76
L_Ps2_Key_Read75:
;__Lib_PS2.c,574 :: 		
0x08AC	0x9424      	BCF         __Lib_PS2_led, 2 
L_Ps2_Key_Read76:
L_Ps2_Key_Read74:
;__Lib_PS2.c,575 :: 		
L_Ps2_Key_Read73:
;__Lib_PS2.c,577 :: 		
0x08AE	0x502C      	MOVF        Ps2_Key_Read_l_value_L0, 0 
0x08B0	0x08C8      	SUBLW       200
0x08B2	0xE204      	BC          L_Ps2_Key_Read77
;__Lib_PS2.c,578 :: 		
0x08B4	0x0E01      	MOVLW       1
0x08B6	0x6E2D      	MOVWF       Ps2_Key_Read_l_special_L0 
;__Lib_PS2.c,579 :: 		
0x08B8	0x0EC8      	MOVLW       200
0x08BA	0x5E2C      	SUBWF       Ps2_Key_Read_l_value_L0, 1 
;__Lib_PS2.c,580 :: 		
L_Ps2_Key_Read77:
;__Lib_PS2.c,582 :: 		
0x08BC	0xFFE1C025  	MOVFF       FARG_Ps2_Key_Read_value, FSR1L
0x08C0	0xFFE2C026  	MOVFF       FARG_Ps2_Key_Read_value+1, FSR1H
0x08C4	0xFFE6C02C  	MOVFF       Ps2_Key_Read_l_value_L0, POSTINC1
;__Lib_PS2.c,583 :: 		
0x08C8	0xFFE1C027  	MOVFF       FARG_Ps2_Key_Read_special, FSR1L
0x08CC	0xFFE2C028  	MOVFF       FARG_Ps2_Key_Read_special+1, FSR1H
0x08D0	0xFFE6C02D  	MOVFF       Ps2_Key_Read_l_special_L0, POSTINC1
;__Lib_PS2.c,584 :: 		
0x08D4	0xFFE1C029  	MOVFF       FARG_Ps2_Key_Read_pressed, FSR1L
0x08D8	0xFFE2C02A  	MOVFF       FARG_Ps2_Key_Read_pressed+1, FSR1H
0x08DC	0xFFE6C02E  	MOVFF       Ps2_Key_Read_l_pressed_L0, POSTINC1
;__Lib_PS2.c,585 :: 		
0x08E0	0x0E01      	MOVLW       1
0x08E2	0x6E00      	MOVWF       R0 
;__Lib_PS2.c,586 :: 		
L_end_Ps2_Key_Read:
0x08E4	0x0012      	RETURN      0
; end of _Ps2_Key_Read
_main:
0x08E6	0x6A15      	CLRF        _down 
0x08E8	0x6A16      	CLRF        _keydata 
0x08EA	0x6A17      	CLRF        _special 
;Keyboard.c,10 :: 		void main() {
;Keyboard.c,16 :: 		Ps2_Config();                                       // Init PS/2 Keyboard
0x08EC	0xDE64      	RCALL       _Ps2_Config
;Keyboard.c,17 :: 		Delay_ms(100);                                      // Wait for keyboard to finish
0x08EE	0x0E02      	MOVLW       2
0x08F0	0x6E0B      	MOVWF       R11, 0
0x08F2	0x0E04      	MOVLW       4
0x08F4	0x6E0C      	MOVWF       R12, 0
0x08F6	0x0EBA      	MOVLW       186
0x08F8	0x6E0D      	MOVWF       R13, 0
L_main0:
0x08FA	0x2E0D      	DECFSZ      R13, 1, 0
0x08FC	0xD7FE      	BRA         L_main0
0x08FE	0x2E0C      	DECFSZ      R12, 1, 0
0x0900	0xD7FC      	BRA         L_main0
0x0902	0x2E0B      	DECFSZ      R11, 1, 0
0x0904	0xD7FA      	BRA         L_main0
0x0906	0x0000      	NOP
;Keyboard.c,22 :: 		note = 0;
0x0908	0x6A1C      	CLRF        _note 
0x090A	0x6A1D      	CLRF        _note+1 
;Keyboard.c,23 :: 		Sound_Init(&PORTD, 2);
0x090C	0x0E83      	MOVLW       PORTD
0x090E	0x6E25      	MOVWF       FARG_Sound_Init_snd_port 
0x0910	0x0E0F      	MOVLW       hi_addr(PORTD)
0x0912	0x6E26      	MOVWF       FARG_Sound_Init_snd_port+1 
0x0914	0x0E02      	MOVLW       2
0x0916	0x6E27      	MOVWF       FARG_Sound_Init_snd_pin 
0x0918	0xDE2E      	RCALL       _Sound_Init
;Keyboard.c,25 :: 		do {
L_main1:
;Keyboard.c,26 :: 		if (Ps2_Key_Read(&keydata, &special, &down)) {
0x091A	0x0E16      	MOVLW       _keydata
0x091C	0x6E25      	MOVWF       FARG_Ps2_Key_Read_value 
0x091E	0x0E00      	MOVLW       hi_addr(_keydata)
0x0920	0x6E26      	MOVWF       FARG_Ps2_Key_Read_value+1 
0x0922	0x0E17      	MOVLW       _special
0x0924	0x6E27      	MOVWF       FARG_Ps2_Key_Read_special 
0x0926	0x0E00      	MOVLW       hi_addr(_special)
0x0928	0x6E28      	MOVWF       FARG_Ps2_Key_Read_special+1 
0x092A	0x0E15      	MOVLW       _down
0x092C	0x6E29      	MOVWF       FARG_Ps2_Key_Read_pressed 
0x092E	0x0E00      	MOVLW       hi_addr(_down)
0x0930	0x6E2A      	MOVWF       FARG_Ps2_Key_Read_pressed+1 
0x0932	0xDF3B      	RCALL       _Ps2_Key_Read
0x0934	0x5200      	MOVF        R0, 1 
0x0936	0xE01D      	BZ          L_main4
;Keyboard.c,27 :: 		if(special) continue; // Skip ctrl, shift ...
0x0938	0x5217      	MOVF        _special, 1 
0x093A	0xE001      	BZ          L_main5
0x093C	0xD053      	BRA         L_main3
L_main5:
;Keyboard.c,29 :: 		if(down){
0x093E	0x5215      	MOVF        _down, 1 
0x0940	0xE007      	BZ          L_main6
;Keyboard.c,30 :: 		counter = 0;
0x0942	0x6A1A      	CLRF        _counter 
0x0944	0x6A1B      	CLRF        _counter+1 
;Keyboard.c,31 :: 		counting = 1;
0x0946	0x0E01      	MOVLW       1
0x0948	0x6E18      	MOVWF       _counting 
0x094A	0x0E00      	MOVLW       0
0x094C	0x6E19      	MOVWF       _counting+1 
;Keyboard.c,32 :: 		}
0x094E	0xD011      	BRA         L_main7
L_main6:
;Keyboard.c,34 :: 		counting = 0;
0x0950	0x6A18      	CLRF        _counting 
0x0952	0x6A19      	CLRF        _counting+1 
;Keyboard.c,36 :: 		switch(keydata){
0x0954	0xD00A      	BRA         L_main8
;Keyboard.c,37 :: 		case 'a':
L_main10:
;Keyboard.c,38 :: 		note = 1000;
0x0956	0x0EE8      	MOVLW       232
0x0958	0x6E1C      	MOVWF       _note 
0x095A	0x0E03      	MOVLW       3
0x095C	0x6E1D      	MOVWF       _note+1 
;Keyboard.c,39 :: 		break;
0x095E	0xD009      	BRA         L_main9
;Keyboard.c,41 :: 		default:
L_main11:
;Keyboard.c,42 :: 		note = 300;
0x0960	0x0E2C      	MOVLW       44
0x0962	0x6E1C      	MOVWF       _note 
0x0964	0x0E01      	MOVLW       1
0x0966	0x6E1D      	MOVWF       _note+1 
;Keyboard.c,43 :: 		break;
0x0968	0xD004      	BRA         L_main9
;Keyboard.c,44 :: 		}
L_main8:
0x096A	0x5016      	MOVF        _keydata, 0 
0x096C	0x0A61      	XORLW       97
0x096E	0xE0F3      	BZ          L_main10
0x0970	0xD7F7      	BRA         L_main11
L_main9:
;Keyboard.c,45 :: 		}
L_main7:
;Keyboard.c,56 :: 		}
L_main4:
;Keyboard.c,58 :: 		if(counting == 1){
0x0972	0x0E00      	MOVLW       0
0x0974	0x1819      	XORWF       _counting+1, 0 
0x0976	0xE102      	BNZ         L__main17
0x0978	0x0E01      	MOVLW       1
0x097A	0x1818      	XORWF       _counting, 0 
L__main17:
0x097C	0xE10F      	BNZ         L_main12
;Keyboard.c,59 :: 		++counter;
0x097E	0x4A1A      	INFSNZ      _counter, 1 
0x0980	0x2A1B      	INCF        _counter+1, 1 
;Keyboard.c,60 :: 		Delay_ms(100);
0x0982	0x0E02      	MOVLW       2
0x0984	0x6E0B      	MOVWF       R11, 0
0x0986	0x0E04      	MOVLW       4
0x0988	0x6E0C      	MOVWF       R12, 0
0x098A	0x0EBA      	MOVLW       186
0x098C	0x6E0D      	MOVWF       R13, 0
L_main13:
0x098E	0x2E0D      	DECFSZ      R13, 1, 0
0x0990	0xD7FE      	BRA         L_main13
0x0992	0x2E0C      	DECFSZ      R12, 1, 0
0x0994	0xD7FC      	BRA         L_main13
0x0996	0x2E0B      	DECFSZ      R11, 1, 0
0x0998	0xD7FA      	BRA         L_main13
0x099A	0x0000      	NOP
;Keyboard.c,61 :: 		}
L_main12:
;Keyboard.c,63 :: 		if(note != 0){
0x099C	0x0E00      	MOVLW       0
0x099E	0x181D      	XORWF       _note+1, 0 
0x09A0	0xE102      	BNZ         L__main18
0x09A2	0x0E00      	MOVLW       0
0x09A4	0x181C      	XORWF       _note, 0 
L__main18:
0x09A6	0xE014      	BZ          L_main14
;Keyboard.c,64 :: 		Sound_Play(note, counter*100);
0x09A8	0xF025C01C  	MOVFF       _note, FARG_Sound_Play_freq_in_hz
0x09AC	0xF026C01D  	MOVFF       _note+1, FARG_Sound_Play_freq_in_hz+1
0x09B0	0xF000C01A  	MOVFF       _counter, R0
0x09B4	0xF001C01B  	MOVFF       _counter+1, R1
0x09B8	0x0E64      	MOVLW       100
0x09BA	0x6E04      	MOVWF       R4 
0x09BC	0x0E00      	MOVLW       0
0x09BE	0x6E05      	MOVWF       R5 
0x09C0	0xDECC      	RCALL       _Mul_16x16_U
0x09C2	0xF027C000  	MOVFF       R0, FARG_Sound_Play_duration_ms
0x09C6	0xF028C001  	MOVFF       R1, FARG_Sound_Play_duration_ms+1
0x09CA	0xDE01      	RCALL       _Sound_Play
;Keyboard.c,65 :: 		note = 0;
0x09CC	0x6A1C      	CLRF        _note 
0x09CE	0x6A1D      	CLRF        _note+1 
;Keyboard.c,66 :: 		}
L_main14:
;Keyboard.c,67 :: 		Delay_ms(1);                                      // debounce
0x09D0	0x0E03      	MOVLW       3
0x09D2	0x6E0C      	MOVWF       R12, 0
0x09D4	0x0E97      	MOVLW       151
0x09D6	0x6E0D      	MOVWF       R13, 0
L_main15:
0x09D8	0x2E0D      	DECFSZ      R13, 1, 0
0x09DA	0xD7FE      	BRA         L_main15
0x09DC	0x2E0C      	DECFSZ      R12, 1, 0
0x09DE	0xD7FC      	BRA         L_main15
0x09E0	0x0000      	NOP
0x09E2	0x0000      	NOP
;Keyboard.c,68 :: 		}while(1);
L_main3:
0x09E4	0xD79A      	BRA         L_main1
;Keyboard.c,69 :: 		}
L_end_main:
0x09E6	0xD7FF      	BRA         $+0
; end of _main
;__Lib_PS2.c,48 :: __Lib_PS2_table_no_shift
0x09E8	0x00D1 ;__Lib_PS2_table_no_shift+0
0x09EA	0xCBCD ;__Lib_PS2_table_no_shift+2
0x09EC	0xCAC9 ;__Lib_PS2_table_no_shift+4
0x09EE	0xD3D4 ;__Lib_PS2_table_no_shift+6
0x09F0	0xD0D2 ;__Lib_PS2_table_no_shift+8
0x09F2	0xCCCE ;__Lib_PS2_table_no_shift+10
0x09F4	0x60EB ;__Lib_PS2_table_no_shift+12
0x09F6	0x0000 ;__Lib_PS2_table_no_shift+14
0x09F8	0xDDDE ;__Lib_PS2_table_no_shift+16
0x09FA	0xDC00 ;__Lib_PS2_table_no_shift+18
0x09FC	0x3171 ;__Lib_PS2_table_no_shift+20
0x09FE	0x0000 ;__Lib_PS2_table_no_shift+22
0x0A00	0x7A00 ;__Lib_PS2_table_no_shift+24
0x0A02	0x6173 ;__Lib_PS2_table_no_shift+26
0x0A04	0x3277 ;__Lib_PS2_table_no_shift+28
0x0A06	0x00DB ;__Lib_PS2_table_no_shift+30
0x0A08	0x7863 ;__Lib_PS2_table_no_shift+32
0x0A0A	0x6564 ;__Lib_PS2_table_no_shift+34
0x0A0C	0x3334 ;__Lib_PS2_table_no_shift+36
0x0A0E	0x00DB ;__Lib_PS2_table_no_shift+38
0x0A10	0x7620 ;__Lib_PS2_table_no_shift+40
0x0A12	0x7466 ;__Lib_PS2_table_no_shift+42
0x0A14	0x3572 ;__Lib_PS2_table_no_shift+44
0x0A16	0x0000 ;__Lib_PS2_table_no_shift+46
0x0A18	0x626E ;__Lib_PS2_table_no_shift+48
0x0A1A	0x6768 ;__Lib_PS2_table_no_shift+50
0x0A1C	0x3679 ;__Lib_PS2_table_no_shift+52
0x0A1E	0x0000 ;__Lib_PS2_table_no_shift+54
0x0A20	0x6D00 ;__Lib_PS2_table_no_shift+56
0x0A22	0x756A ;__Lib_PS2_table_no_shift+58
0x0A24	0x3837 ;__Lib_PS2_table_no_shift+60
0x0A26	0x0000 ;__Lib_PS2_table_no_shift+62
0x0A28	0x6B2C ;__Lib_PS2_table_no_shift+64
0x0A2A	0x6F69 ;__Lib_PS2_table_no_shift+66
0x0A2C	0x3930 ;__Lib_PS2_table_no_shift+68
0x0A2E	0x0000 ;__Lib_PS2_table_no_shift+70
0x0A30	0x2F2E ;__Lib_PS2_table_no_shift+72
0x0A32	0x3B6C ;__Lib_PS2_table_no_shift+74
0x0A34	0x2D70 ;__Lib_PS2_table_no_shift+76
0x0A36	0x0000 ;__Lib_PS2_table_no_shift+78
0x0A38	0x2700 ;__Lib_PS2_table_no_shift+80
0x0A3A	0x5B00 ;__Lib_PS2_table_no_shift+82
0x0A3C	0x003D ;__Lib_PS2_table_no_shift+84
0x0A3E	0xE100 ;__Lib_PS2_table_no_shift+86
0x0A40	0xD5DD ;__Lib_PS2_table_no_shift+88
0x0A42	0x005D ;__Lib_PS2_table_no_shift+90
0x0A44	0x005C ;__Lib_PS2_table_no_shift+92
0x0A46	0x0000 ;__Lib_PS2_table_no_shift+94
0x0A48	0x0000 ;__Lib_PS2_table_no_shift+96
0x0A4A	0x0000 ;__Lib_PS2_table_no_shift+98
0x0A4C	0xD800 ;__Lib_PS2_table_no_shift+100
0x0A4E	0x0000 ;__Lib_PS2_table_no_shift+102
0x0A50	0x00E2 ;__Lib_PS2_table_no_shift+104
0x0A52	0xE3E6 ;__Lib_PS2_table_no_shift+106
0x0A54	0x0000 ;__Lib_PS2_table_no_shift+108
0x0A56	0xD900 ;__Lib_PS2_table_no_shift+110
0x0A58	0xE9DA ;__Lib_PS2_table_no_shift+112
0x0A5A	0xE735 ;__Lib_PS2_table_no_shift+114
0x0A5C	0xEAE8 ;__Lib_PS2_table_no_shift+116
0x0A5E	0xD3E5 ;__Lib_PS2_table_no_shift+118
0x0A60	0xD72B ;__Lib_PS2_table_no_shift+120
0x0A62	0x2A2D ;__Lib_PS2_table_no_shift+122
0x0A64	0xE4D6 ;__Lib_PS2_table_no_shift+124
0x0A66	0x0000 ;__Lib_PS2_table_no_shift+126
0x0A68	0x0000 ;__Lib_PS2_table_no_shift+128
0x0A6A	0xCF ;__Lib_PS2_table_no_shift+130
; end of __Lib_PS2_table_no_shift
;__Lib_PS2.c,183 :: __Lib_PS2_table_shift
0x0A6B	0x00D1 ;__Lib_PS2_table_shift+0
0x0A6D	0xCBCD ;__Lib_PS2_table_shift+2
0x0A6F	0xCAC9 ;__Lib_PS2_table_shift+4
0x0A71	0x00D4 ;__Lib_PS2_table_shift+6
0x0A73	0xD0D2 ;__Lib_PS2_table_shift+8
0x0A75	0xCCCE ;__Lib_PS2_table_shift+10
0x0A77	0x7EEB ;__Lib_PS2_table_shift+12
0x0A79	0x0000 ;__Lib_PS2_table_shift+14
0x0A7B	0xDDDE ;__Lib_PS2_table_shift+16
0x0A7D	0xDC00 ;__Lib_PS2_table_shift+18
0x0A7F	0x2151 ;__Lib_PS2_table_shift+20
0x0A81	0x0000 ;__Lib_PS2_table_shift+22
0x0A83	0x5A00 ;__Lib_PS2_table_shift+24
0x0A85	0x4153 ;__Lib_PS2_table_shift+26
0x0A87	0x4057 ;__Lib_PS2_table_shift+28
0x0A89	0x00DB ;__Lib_PS2_table_shift+30
0x0A8B	0x5843 ;__Lib_PS2_table_shift+32
0x0A8D	0x4544 ;__Lib_PS2_table_shift+34
0x0A8F	0x2324 ;__Lib_PS2_table_shift+36
0x0A91	0x00DB ;__Lib_PS2_table_shift+38
0x0A93	0x5620 ;__Lib_PS2_table_shift+40
0x0A95	0x5446 ;__Lib_PS2_table_shift+42
0x0A97	0x2552 ;__Lib_PS2_table_shift+44
0x0A99	0x0000 ;__Lib_PS2_table_shift+46
0x0A9B	0x424E ;__Lib_PS2_table_shift+48
0x0A9D	0x4748 ;__Lib_PS2_table_shift+50
0x0A9F	0x5E59 ;__Lib_PS2_table_shift+52
0x0AA1	0x0000 ;__Lib_PS2_table_shift+54
0x0AA3	0x4D00 ;__Lib_PS2_table_shift+56
0x0AA5	0x554A ;__Lib_PS2_table_shift+58
0x0AA7	0x2A26 ;__Lib_PS2_table_shift+60
0x0AA9	0x0000 ;__Lib_PS2_table_shift+62
0x0AAB	0x4B3C ;__Lib_PS2_table_shift+64
0x0AAD	0x4F49 ;__Lib_PS2_table_shift+66
0x0AAF	0x2829 ;__Lib_PS2_table_shift+68
0x0AB1	0x0000 ;__Lib_PS2_table_shift+70
0x0AB3	0x3F3E ;__Lib_PS2_table_shift+72
0x0AB5	0x3A4C ;__Lib_PS2_table_shift+74
0x0AB7	0x5F50 ;__Lib_PS2_table_shift+76
0x0AB9	0x0000 ;__Lib_PS2_table_shift+78
0x0ABB	0x2200 ;__Lib_PS2_table_shift+80
0x0ABD	0x7B00 ;__Lib_PS2_table_shift+82
0x0ABF	0x002B ;__Lib_PS2_table_shift+84
0x0AC1	0xE100 ;__Lib_PS2_table_shift+86
0x0AC3	0xD5DD ;__Lib_PS2_table_shift+88
0x0AC5	0x007D ;__Lib_PS2_table_shift+90
0x0AC7	0x007C ;__Lib_PS2_table_shift+92
0x0AC9	0x0000 ;__Lib_PS2_table_shift+94
0x0ACB	0x0000 ;__Lib_PS2_table_shift+96
0x0ACD	0x0000 ;__Lib_PS2_table_shift+98
0x0ACF	0xD800 ;__Lib_PS2_table_shift+100
0x0AD1	0x0000 ;__Lib_PS2_table_shift+102
0x0AD3	0x00E2 ;__Lib_PS2_table_shift+104
0x0AD5	0xE3E6 ;__Lib_PS2_table_shift+106
0x0AD7	0x0000 ;__Lib_PS2_table_shift+108
0x0AD9	0xD900 ;__Lib_PS2_table_shift+110
0x0ADB	0xE9DA ;__Lib_PS2_table_shift+112
0x0ADD	0xE735 ;__Lib_PS2_table_shift+114
0x0ADF	0xEAE8 ;__Lib_PS2_table_shift+116
0x0AE1	0xD3E5 ;__Lib_PS2_table_shift+118
0x0AE3	0xD72B ;__Lib_PS2_table_shift+120
0x0AE5	0x2A2D ;__Lib_PS2_table_shift+122
0x0AE7	0xE4D6 ;__Lib_PS2_table_shift+124
0x0AE9	0x0000 ;__Lib_PS2_table_shift+126
0x0AEB	0x0000 ;__Lib_PS2_table_shift+128
0x0AED	0xCF ;__Lib_PS2_table_shift+130
; end of __Lib_PS2_table_shift
;__Lib_PS2.c,23 :: __Lib_PS2_table_num
0x0AEE	0x0031 ;__Lib_PS2_table_num+0
0x0AF0	0x3734 ;__Lib_PS2_table_num+2
0x0AF2	0x0000 ;__Lib_PS2_table_num+4
0x0AF4	0x3000 ;__Lib_PS2_table_num+6
0x0AF6	0x322E ;__Lib_PS2_table_num+8
0x0AF8	0x3635 ;__Lib_PS2_table_num+10
0x0AFA	0x0038 ;__Lib_PS2_table_num+12
0x0AFC	0x0000 ;__Lib_PS2_table_num+14
0x0AFE	0x332B ;__Lib_PS2_table_num+16
0x0B00	0x2A2D ;__Lib_PS2_table_num+18
0x0B02	0x39 ;__Lib_PS2_table_num+20
; end of __Lib_PS2_table_num
Symbol List:
//** Routines locations **
//ADDRESS    SIZE    PROCEDURE
//----------------------------------------------
0x001C       [6]    __Lib_PS2_Clock_Disable
0x0022      [44]    __Lib_PS2_Wait_Falling
0x004E      [30]    __Lib_PS2_Clock_Wait_High
0x006C       [4]    __Lib_PS2_Clock_Enable
0x0070      [82]    _Mul_32x32_U
0x00C2      [58]    __Lib_PS2_Keyboard_Active
0x00FC      [16]    _Get_Fosc_kHz
0x010C      [34]    _Delay_Cyc
0x012E      [54]    _Div_16x16_U
0x0164     [194]    __Lib_PS2_Ps2_Get_Value
0x0226     [100]    __Lib_PS2_Get_Hex
0x028A     [748]    _Div_32x32_U
0x0576      [64]    _Sound_Init
0x05B6       [8]    _Ps2_Config
0x05BE      [16]    ___CC2DW
0x05CE     [396]    _Sound_Play
0x075A      [80]    _Mul_16x16_U
0x07AA     [316]    _Ps2_Key_Read
0x08E6     [258]    _main
//** Variables locations ** 
//ADDRESS    SIZE    VARIABLE
//----------------------------------------------
0x0000       [1]    R0
0x0001       [1]    R1
0x0001       [1]    __Lib_PS2_Wait_Falling_nsample_L0
0x0002       [1]    R2
0x0003       [1]    R3
0x0004       [1]    R4
0x0005       [1]    R5
0x0006       [1]    R6
0x0007       [1]    R7
0x0008       [1]    R8
0x0009       [1]    R9
0x000A       [1]    R10
0x000B       [1]    R11
0x000C       [1]    R12
0x000D       [1]    R13
0x000E       [1]    R14
0x000F       [1]    R15
0x0010       [1]    R16
0x0011       [1]    R17
0x0012       [1]    R18
0x0013       [1]    R19
0x0014       [1]    R20
0x0015       [1]    _down
0x0016       [1]    _keydata
0x0017       [1]    _special
0x0018       [2]    _counting
0x001A       [2]    _counter
0x001C       [2]    _note
0x001E       [2]    __Lib_Sound_soundPortAddr
0x0020       [1]    __Lib_Sound_pinMask1
0x0021       [1]    __Lib_Sound_pinMask0
0x0022       [1]    __Lib_PS2_extended
0x0023       [1]    __Lib_PS2_loop
0x0024       [1]    __Lib_PS2_led
0x0025       [2]    FARG_Sound_Play_freq_in_hz
0x0025       [2]    FARG_Sound_Init_snd_port
0x0025       [2]    FARG_Ps2_Key_Read_value
0x0027       [1]    FARG_Sound_Init_snd_pin
0x0027       [2]    FARG_Ps2_Key_Read_special
0x0027       [2]    FARG_Sound_Play_duration_ms
0x0029       [2]    Sound_Play_nc_L0
0x0029       [2]    FARG_Ps2_Key_Read_pressed
0x002B       [2]    Sound_Play_i_L0
0x002B       [1]    Ps2_Key_Read_raw_data_L0
0x002C       [1]    Ps2_Key_Read_l_value_L0
0x002D       [1]    Ps2_Key_Read_l_special_L0
0x002D       [4]    Sound_Play_per_nc_L0
0x002E       [1]    Ps2_Key_Read_l_pressed_L0
0x0031       [1]    __Lib_PS2_Keyboard_Active_loop_L0
0x0031       [1]    FARG___Lib_PS2_Ps2_Get_Value_raw
0x0031       [2]    FARG___Lib_PS2_Get_Hex_ddata
0x0031       [1]    FARG_Delay_Cyc_cycles_div_by_10
0x0032       [1]    __Lib_PS2_Ps2_Get_Value_rslt_L0
0x0032       [1]    __Lib_PS2_Keyboard_Active_rslt_L0
0x0033       [1]    __Lib_PS2_Get_Hex_ldata_L0
0x0034       [1]    __Lib_PS2_Get_Hex_lparity_L0
0x0035       [1]    __Lib_PS2_Get_Hex_iparity_L0
0x0036       [1]    __Lib_PS2_Get_Hex_endbit_L0
0x0037       [1]    __Lib_PS2_Wait_Falling_osample_L0
0x0037       [1]    __Lib_PS2_Clock_Wait_High_tlimit_L0
0x0038       [1]    __Lib_PS2_Wait_Falling_i_L0
0x0F83       [0]    RD1_bit
0x0F83       [1]    PORTD
0x0F83       [0]    RD0_bit
0x0F83       [0]    PS2_Data
0x0F83       [0]    PS2_Clock
0x0F95       [0]    PS2_Clock_Direction
0x0F95       [0]    PS2_Data_Direction
0x0F95       [0]    TRISD0_bit
0x0F95       [0]    TRISD1_bit
0x0FD8       [1]    STATUS
0x0FD9       [1]    FSR2L
0x0FDA       [1]    FSR2H
0x0FDE       [1]    POSTINC2
0x0FE0       [1]    BSR
0x0FE1       [1]    FSR1L
0x0FE2       [1]    FSR1H
0x0FE4       [1]    PREINC1
0x0FE6       [1]    POSTINC1
0x0FE7       [1]    INDF1
0x0FE8       [1]    WREG
0x0FE9       [2]    FSR0
0x0FE9       [1]    FSR0L
0x0FEA       [1]    FSR0H
0x0FEE       [1]    POSTINC0
0x0FEF       [1]    INDF0
0x0FF3       [1]    PRODL
0x0FF4       [1]    PRODH
0x0FF5       [1]    TABLAT
0x0FF6       [1]    TBLPTRL
0x0FF7       [1]    TBLPTRH
0x0FF8       [1]    TBLPTRU
//** Constants locations ** 
//ADDRESS    SIZE    CONSTANT
//----------------------------------------------
0x09E8     [131]    __Lib_PS2_table_no_shift
0x0A6B     [131]    __Lib_PS2_table_shift
0x0AEE      [21]    __Lib_PS2_table_num
//** Label List: ** 
//----------------------------------------------
  L_main0
  L_main1
  L_main2
  L_main3
  L_main4
  L_main5
  L_main6
  L_main7
  L_main8
  L_main9
  L_main10
  L_main11
  L_main12
  L_main13
  L_main14
  L_main15
  L_end_main
  _main
  L__main17
  L__main18
  L_Delay_10us0
  L_Delay_22us1
  L_Delay_50us2
  L_Delay_80us3
  L_Delay_500us4
  L_Delay_5500us5
  L_Delay_1ms6
  L_Delay_5ms7
  L_Delay_8ms8
  L_Delay_100ms9
  L_Delay_10ms10
  L_Delay_1sec11
  L____Boot_Delay4k12
  L____Boot_Delay8k13
  L____Boot_Delay12k14
  L____Boot_Delay16k15
  L____Boot_Delay24k16
  L____Boot_Delay32k17
  L____Boot_Delay48k18
  L____Boot_Delay64k19
  L____Boot_Delay128k20
  L_Delay_Cyc21
  L_Delay_Cyc22
  L_VDelay_ms23
  L_VDelay_ms24
  L_VDelay_ms25
  L_VDelay_Advanced_ms26
  L_VDelay_Advanced_ms27
  L_VDelay_Advanced_ms28
  L_end_Get_Fosc_kHz
  _Get_Fosc_kHz
  L_end_Delay_1us
  _Delay_1us
  L_end_Delay_10us
  _Delay_10us
  L_end_Delay_22us
  _Delay_22us
  L_end_Delay_50us
  _Delay_50us
  L_end_Delay_80us
  _Delay_80us
  L_end_Delay_500us
  _Delay_500us
  L_end_Delay_5500us
  _Delay_5500us
  L_end_Delay_1ms
  _Delay_1ms
  L_end_Delay_5ms
  _Delay_5ms
  L_end_Delay_8ms
  _Delay_8ms
  L_end_Delay_100ms
  _Delay_100ms
  L_end_Delay_10ms
  _Delay_10ms
  L_end_Delay_1sec
  _Delay_1sec
  L_end____Boot_Delay4k
  ____Boot_Delay4k
  L_end____Boot_Delay8k
  ____Boot_Delay8k
  L_end____Boot_Delay12k
  ____Boot_Delay12k
  L_end____Boot_Delay16k
  ____Boot_Delay16k
  L_end____Boot_Delay24k
  ____Boot_Delay24k
  L_end____Boot_Delay32k
  ____Boot_Delay32k
  L_end____Boot_Delay48k
  ____Boot_Delay48k
  L_end____Boot_Delay64k
  ____Boot_Delay64k
  L_end____Boot_Delay128k
  ____Boot_Delay128k
  L_end_Delay_Cyc
  _Delay_Cyc
  L_end_VDelay_ms
  _VDelay_ms
  L__VDelay_ms54
  L__VDelay_ms55
  L__VDelay_ms56
  L_end_VDelay_Advanced_ms
  _VDelay_Advanced_ms
  L__VDelay_Advanced_ms58
  L__VDelay_Advanced_ms59
  L__VDelay_Advanced_ms60
  L_Div_16x16_S0
  L_Div_16x16_S1
  LOOPS3232A
  SADD22LA
  SOK22LA
  SADD22L8
  SOK22L8
  LOOPS3232B
  SADD22LB
  SOK22LB
  SADD22L16
  SOK22L16
  LOOPS3232C
  SADD22LC
  SOK22LC
  SADD22L24
  SOK22L24
  LOOPS3232D
  SADD22LD
  SOK22LD
  SOK22L
  L_Div_32x32_S6
  L_Div_32x32_S7
  L_Div_32x32_S8
  L_Div_32x32_S9
  FXD3232S
  END_ALL
  CA3232S
  C3232SX
  C3232SX1
  C3232S
  C3232S2
  C3232SX4
  C3232SOK
  C3232SX3
  C3232SX2
  avoid_comfrem
  LOOPU3232A
  UADD22LA
  UOK22LA
  UADD22L8
  UOK22L8
  LOOPU3232B
  UADD22LB
  UOK22LB
  UADD22L16
  UOK22L16
  LOOPU3232C
  UADD22LC
  UOK22LC
  UADD22L24
  UOK22L24
  LOOPU3232D
  UADD22LD
  UOK22LD
  UOK22L
  _NEXT
  _EXIT2
  _LOOP
  _EXIT1
  _IF_FIRST
  _IF_SECOND
  _INVERCE_FIRST
  _MULT
  _INBERSE_SECOND
  _EXIT
  L_end_Div_8x8_U
  _Div_8x8_U
  L_end_Div_16x16_U
  _Div_16x16_U
  L_end_Div_16x16_S_L
  _Div_16x16_S_L
  L_end_Div_16x16_S
  _Div_16x16_S
  L_end_Div_8x8_S
  _Div_8x8_S
  L_end_Mul_8x8_S
  _Mul_8x8_S
  L_end_Mul_16x16_U
  _Mul_16x16_U
  L_end_Mul_16x16_S
  _Mul_16x16_S
  L_end_SDIV3232L
  _SDIV3232L
  L_end_COMFREM
  _COMFREM
  L_end_Div_32x32_S
  _Div_32x32_S
  L_end_Div_32x32_U
  _Div_32x32_U
  L_end_Mul_32x32_U
  _Mul_32x32_U
  L_end_Mul_32x32_S
  _Mul_32x32_S
  L___Lib_PS2_Clock_Wait_High0
  L___Lib_PS2_Clock_Wait_High1
  L___Lib_PS2_Clock_Wait_High2
  L___Lib_PS2_Clock_Wait_High3
  L___Lib_PS2_Clock_Wait_Low4
  L___Lib_PS2_Clock_Wait_Low5
  L___Lib_PS2_Clock_Wait_Low6
  L___Lib_PS2_Clock_Wait_Low7
  L___Lib_PS2_Wait_Falling8
  L___Lib_PS2_Wait_Falling9
  L___Lib_PS2_Wait_Falling10
  L___Lib_PS2_Wait_Falling11
  L___Lib_PS2_Wait_Falling12
  L___Lib_PS2_Wait_Falling13
  L___Lib_PS2_Keyboard_Active14
  L___Lib_PS2_Keyboard_Active15
  L___Lib_PS2_Keyboard_Active16
  L___Lib_PS2_Keyboard_Active17
  L___Lib_PS2_Keyboard_Active18
  L___Lib_PS2_Keyboard_Active19
  L___Lib_PS2_Keyboard_Active20
  L___Lib_PS2_Keyboard_Active21
  L___Lib_PS2_Get_Hex22
  L___Lib_PS2_Get_Hex23
  L___Lib_PS2_Get_Hex24
  L___Lib_PS2_Get_Hex25
  L___Lib_PS2_Get_Hex26
  L___Lib_PS2_Get_Hex27
  L___Lib_PS2_Get_Hex28
  L___Lib_PS2_Get_Hex29
  L___Lib_PS2_Get_Hex30
  L___Lib_PS2_Ps2_Get_Value31
  L___Lib_PS2_Ps2_Get_Value32
  L___Lib_PS2_Ps2_Get_Value33
  L___Lib_PS2_Ps2_Get_Value34
  L___Lib_PS2_Ps2_Get_Value35
  L___Lib_PS2_Ps2_Get_Value36
  L___Lib_PS2_Ps2_Get_Value37
  L___Lib_PS2_Ps2_Get_Value38
  L___Lib_PS2_Ps2_Get_Value39
  L___Lib_PS2_Ps2_Get_Value40
  L___Lib_PS2_Ps2_Get_Value41
  L___Lib_PS2_Ps2_Get_Value42
  L_Ps2_Key_Read43
  L_Ps2_Key_Read44
  L_Ps2_Key_Read45
  L_Ps2_Key_Read46
  L_Ps2_Key_Read47
  L_Ps2_Key_Read48
  L_Ps2_Key_Read49
  L_Ps2_Key_Read50
  L_Ps2_Key_Read51
  L_Ps2_Key_Read52
  L_Ps2_Key_Read53
  L_Ps2_Key_Read54
  L_Ps2_Key_Read55
  L_Ps2_Key_Read56
  L_Ps2_Key_Read57
  L_Ps2_Key_Read58
  L_Ps2_Key_Read59
  L_Ps2_Key_Read60
  L_Ps2_Key_Read61
  L_Ps2_Key_Read62
  L_Ps2_Key_Read63
  L_Ps2_Key_Read64
  L_Ps2_Key_Read65
  L_Ps2_Key_Read66
  L_Ps2_Key_Read67
  L_Ps2_Key_Read68
  L_Ps2_Key_Read69
  L_Ps2_Key_Read70
  L_Ps2_Key_Read71
  L_Ps2_Key_Read72
  L_Ps2_Key_Read73
  L_Ps2_Key_Read74
  L_Ps2_Key_Read75
  L_Ps2_Key_Read76
  L_Ps2_Key_Read77
  L___Lib_PS2_Wait_Falling78
  L___Lib_PS2_Keyboard_Active79
  L___Lib_PS2_Get_Hex80
  L___Lib_PS2_Ps2_Get_Value81
  L___Lib_PS2_Ps2_Get_Value82
  L___Lib_PS2_Ps2_Get_Value83
  L__Ps2_Key_Read84
  L__Ps2_Key_Read85
  L_end_Clock_Wait_High
  __Lib_PS2_Clock_Wait_High
  L_end_Clock_Wait_Low
  __Lib_PS2_Clock_Wait_Low
  L_end_Wait_Falling
  __Lib_PS2_Wait_Falling
  L_end_Clock_Enable
  __Lib_PS2_Clock_Enable
  L_end_Clock_Disable
  __Lib_PS2_Clock_Disable
  L_end_Keyboard_Active
  __Lib_PS2_Keyboard_Active
  L_end_Get_Hex
  __Lib_PS2_Get_Hex
  L_end_Ps2_Get_Value
  __Lib_PS2_Ps2_Get_Value
  L_end_Ps2_Key_Read
  _Ps2_Key_Read
  L_end_Ps2_Config
  _Ps2_Config
  L_Sound_Play0
  L_Sound_Play1
  L_Sound_Play2
  L_Sound_Play3
  L_Sound_Play4
  L_Sound_Play5
  L_Sound_Play6
  L_Sound_Play7
  L_Sound_Play8
  L_Sound_Play9
  L_Sound_Play10
  L_end_Sound_Init
  _Sound_Init
  L__Sound_Init12
  L__Sound_Init13
  L_end_Sound_Play
  _Sound_Play
  L__Sound_Play15
  L__Sound_Play16
  L__Sound_Play17
  L__Sound_Play18
  L__Sound_Play19
  L__Sound_Play20
  _CC2D_Loop1
  _CC2DL_Loop1
  L_loopCA2AWs
  L_loopCCA2AWs
  L_loopCS2Ss
  L_CS2Send
  L_loopCCS2Ss
  L_CCS2Send
  L_loopFZinSWs
  L_longjmp7
  L_end___CC2D
  ___CC2D
  L_end___CC2DW
  ___CC2DW
  L_end___CA2AW
  ___CA2AW
  L_end___CCA2AW
  ___CCA2AW
  L_end___CS2S
  ___CS2S
  L_end___CCS2S
  ___CCS2S
  L_end___FZinS
  ___FZinS
  L_end_____DoIFC
  _____DoIFC
  L_end_Swap
  _Swap
  L_end_setjmp
  _setjmp
  L_end_longjmp
  _longjmp
